#
# There is insufficient memory for the Java Runtime Environment to continue.
# Native memory allocation (mmap) failed to map 108527616 bytes for committing reserved memory.
# Possible reasons:
#   The system is out of physical RAM or swap space
#   In 32 bit mode, the process size limit was hit
# Possible solutions:
#   Reduce memory load on the system
#   Increase physical memory or swap space
#   Check if swap backing store is full
#   Use 64 bit Java on a 64 bit OS
#   Decrease Java heap size (-Xmx/-Xms)
#   Decrease number of Java threads
#   Decrease Java thread stack sizes (-Xss)
#   Set larger code cache with -XX:ReservedCodeCacheSize=
# This output file may be truncated or incomplete.
#
#  Out of Memory Error (os_linux.cpp:2627), pid=13472, tid=0x00007f4966f23700
#
# JRE version: OpenJDK Runtime Environment (8.0_76-b03) (build 1.8.0_76-release-b03)
# Java VM: OpenJDK 64-Bit Server VM (25.76-b03 mixed mode linux-amd64 compressed oops)
# Failed to write core dump. Core dumps have been disabled. To enable core dumping, try "ulimit -c unlimited" before starting Java again
#

---------------  T H R E A D  ---------------

Current thread (0x00007f4980077800):  VMThread [stack: 0x00007f4966e23000,0x00007f4966f24000] [id=13480]

Stack: [0x00007f4966e23000,0x00007f4966f24000],  sp=0x00007f4966f224d0,  free space=1021k
Native frames: (J=compiled Java code, j=interpreted, Vv=VM code, C=native code)
V  [libjvm.so+0x9d9fcd]  VMError::report_and_die()+0x15d
V  [libjvm.so+0x4b4d4a]  report_vm_out_of_memory(char const*, int, unsigned long, VMErrorType, char const*)+0x8a
V  [libjvm.so+0x845190]  os::pd_commit_memory(char*, unsigned long, unsigned long, bool)+0xf0
V  [libjvm.so+0x83fcbf]  os::commit_memory(char*, unsigned long, unsigned long, bool)+0x1f
V  [libjvm.so+0x8b4d9b]  PSVirtualSpace::expand_by(unsigned long)+0x5b
V  [libjvm.so+0x8a5b7b]  PSOldGen::expand_by(unsigned long) [clone .part.109]+0x1b
V  [libjvm.so+0x8a5d3b]  PSOldGen::expand(unsigned long) [clone .part.111]+0xdb
V  [libjvm.so+0x8a6618]  PSOldGen::resize(unsigned long)+0x188
V  [libjvm.so+0x8abc2c]  PSParallelCompact::invoke_no_policy(bool)+0x97c
V  [libjvm.so+0x8b2d3d]  PSScavenge::invoke()+0x17d
V  [libjvm.so+0x8681f3]  ParallelScavengeHeap::failed_mem_allocate(unsigned long)+0x63
V  [libjvm.so+0x9dba94]  VM_ParallelGCFailedAllocation::doit()+0x84
V  [libjvm.so+0x9dfe47]  VM_Operation::evaluate()+0x47
V  [libjvm.so+0x9de908]  VMThread::evaluate_operation(VM_Operation*)+0x2c8
V  [libjvm.so+0x9ded89]  VMThread::loop()+0x219
V  [libjvm.so+0x9df1d2]  VMThread::run()+0x72
V  [libjvm.so+0x8425b2]  java_start(Thread*)+0xf2

VM_Operation (0x00007f48ef5baeb0): ParallelGCFailedAllocation, mode: safepoint, requested by thread 0x00007f48f801c000


---------------  P R O C E S S  ---------------

Java Threads: ( => current thread )
  0x00007f48e803c000 JavaThread "pool-61-thread-1" [_thread_blocked, id=14065, stack(0x00007f48edddf000,0x00007f48edee0000)]
  0x00007f48f801c800 JavaThread "pool-65-thread-4" [_thread_blocked, id=14064, stack(0x00007f48edca5000,0x00007f48edda6000)]
  0x00007f48f801c000 JavaThread "pool-65-thread-3" [_thread_blocked, id=14063, stack(0x00007f48ef4bc000,0x00007f48ef5bd000)]
  0x00007f48f801e000 JavaThread "pool-65-thread-2" [_thread_blocked, id=14062, stack(0x00007f48ef147000,0x00007f48ef248000)]
  0x00007f48f8036000 JavaThread "pool-66-thread-1" [_thread_blocked, id=14061, stack(0x00007f48edba4000,0x00007f48edca5000)]
  0x00007f48f8005000 JavaThread "pool-65-thread-1" [_thread_blocked, id=14060, stack(0x00007f48ef5bd000,0x00007f48ef6be000)]
  0x00007f48f407a800 JavaThread "pool-13-thread-1" [_thread_blocked, id=14059, stack(0x00007f48ef046000,0x00007f48ef147000)]
  0x00007f48f0056000 JavaThread "pool-55-thread-1" [_thread_blocked, id=14058, stack(0x00007f495c37c000,0x00007f495c47d000)]
  0x00007f4914004800 JavaThread "pool-9-thread-4" [_thread_blocked, id=13979, stack(0x00007f48ee21c000,0x00007f48ee31d000)]
  0x00007f4904005000 JavaThread "pool-9-thread-3" [_thread_blocked, id=13978, stack(0x00007f48efafb000,0x00007f48efbfc000)]
  0x00007f4900003800 JavaThread "pool-9-thread-1" [_thread_blocked, id=13977, stack(0x00007f48efbfc000,0x00007f48efcfd000)]
  0x00007f4908004800 JavaThread "pool-9-thread-2" [_thread_blocked, id=13976, stack(0x00007f495cfc1000,0x00007f495d0c2000)]
  0x00007f491d1e3800 JavaThread "pool-3-thread-4" [_thread_blocked, id=13642, stack(0x00007f495d5c7000,0x00007f495d6c8000)]
  0x00007f491d1e1800 JavaThread "pool-3-thread-3" [_thread_blocked, id=13641, stack(0x00007f495d6c8000,0x00007f495d7c9000)]
  0x00007f491d1e0800 JavaThread "pool-3-thread-2" [_thread_blocked, id=13640, stack(0x00007f495d7c9000,0x00007f495d8ca000)]
  0x00007f491d1e0000 JavaThread "pool-3-thread-1" [_thread_blocked, id=13639, stack(0x00007f49642d5000,0x00007f49643d6000)]
  0x00007f491cf8d800 JavaThread "File lock request listener" [_thread_in_native, id=13510, stack(0x00007f495f451000,0x00007f495f552000)]
  0x00007f491c00f000 JavaThread "Asynchronous log dispatcher for org.gradle.launcher.daemon.server.DefaultDaemonConnection@6a9dcb6a" [_thread_blocked, id=13506, stack(0x00007f49643d6000,0x00007f49644d7000)]
  0x00007f4920007000 JavaThread "Daemon worker" [_thread_blocked, id=13503, stack(0x00007f49644d7000,0x00007f49645d8000)]
  0x00007f492000c000 JavaThread "Cancel handler" [_thread_blocked, id=13502, stack(0x00007f49645d8000,0x00007f49646d9000)]
  0x00007f4920003800 JavaThread "Handler for socket connection from /127.0.0.1:44028 to /127.0.0.1:42588" [_thread_in_native, id=13501, stack(0x00007f49646d9000,0x00007f49647da000)]
  0x00007f4928012800 JavaThread "Daemon" [_thread_blocked, id=13500, stack(0x00007f49647da000,0x00007f49648db000)]
  0x00007f4980b42800 JavaThread "pool-1-thread-1" [_thread_blocked, id=13497, stack(0x00007f4964adb000,0x00007f4964bdc000)]
  0x00007f4980b15800 JavaThread "Incoming local TCP Connector on port 44028" [_thread_in_native, id=13496, stack(0x00007f4964be3000,0x00007f4964ce4000)]
  0x00007f49800d2800 JavaThread "Service Thread" daemon [_thread_blocked, id=13488, stack(0x00007f49662cd000,0x00007f49663ce000)]
  0x00007f49800bd800 JavaThread "C1 CompilerThread2" daemon [_thread_blocked, id=13487, stack(0x00007f49663ce000,0x00007f49664cf000)]
  0x00007f49800bb800 JavaThread "C2 CompilerThread1" daemon [_thread_blocked, id=13486, stack(0x00007f49664cf000,0x00007f49665d0000)]
  0x00007f49800b9000 JavaThread "C2 CompilerThread0" daemon [_thread_blocked, id=13485, stack(0x00007f49665d0000,0x00007f49666d1000)]
  0x00007f49800b7800 JavaThread "Signal Dispatcher" daemon [_thread_blocked, id=13484, stack(0x00007f49666d1000,0x00007f49667d2000)]
  0x00007f4980083800 JavaThread "Finalizer" daemon [_thread_blocked, id=13482, stack(0x00007f4966c21000,0x00007f4966d22000)]
  0x00007f498007f000 JavaThread "Reference Handler" daemon [_thread_blocked, id=13481, stack(0x00007f4966d22000,0x00007f4966e23000)]
  0x00007f498000a000 JavaThread "main" [_thread_blocked, id=13475, stack(0x00007f49866a3000,0x00007f49867a4000)]

Other Threads:
=>0x00007f4980077800 VMThread [stack: 0x00007f4966e23000,0x00007f4966f24000] [id=13480]
  0x00007f49800d5000 WatcherThread [stack: 0x00007f49661cc000,0x00007f49662cd000] [id=13489]

VM state:at safepoint (normal execution)

VM Mutex/Monitor currently owned by a thread:  ([mutex/lock_event])
[0x00007f4980005c60] ExpandHeap_lock - owner thread: 0x00007f4980077800
[0x00007f49800062e0] Threads_lock - owner thread: 0x00007f4980077800
[0x00007f49800067e0] Heap_lock - owner thread: 0x00007f48f801c000

Heap:
 PSYoungGen      total 414208K, used 0K [0x00000000e0000000, 0x0000000100000000, 0x0000000100000000)
  eden space 367616K, 0% used [0x00000000e0000000,0x00000000e0000000,0x00000000f6700000)
  from space 46592K, 0% used [0x00000000f6700000,0x00000000f6700000,0x00000000f9480000)
  to   space 53760K, 0% used [0x00000000fcb80000,0x00000000fcb80000,0x0000000100000000)
 ParOldGen       total 124416K, used 115446K [0x00000000a0000000, 0x00000000a7980000, 0x00000000e0000000)
  object space 124416K, 92% used [0x00000000a0000000,0x00000000a70bdbc0,0x00000000a7980000)
 Metaspace       used 64797K, capacity 66500K, committed 66688K, reserved 1107968K
  class space    used 8318K, capacity 8718K, committed 8832K, reserved 1048576K

Card table byte_map: [0x00007f49700ec000,0x00007f49703ed000] byte_map_base: 0x00007f496fbec000

Marking Bits: (ParMarkBitMap*) 0x00007f4985b841a0
 Begin Bits: [0x00007f496cbe9000, 0x00007f496e3e9000)
 End Bits:   [0x00007f496e3e9000, 0x00007f496fbe9000)

Polling page: 0x00007f49867d4000

CodeCache: size=245760Kb used=29024Kb max_used=29068Kb free=216735Kb
 bounds [0x00007f49707ad000, 0x00007f497244d000, 0x00007f497f7ad000]
 total_blobs=9852 nmethods=9090 adapters=675
 compilation: enabled

Compilation events (10 events):
Event: 800.700 Thread 0x00007f49800bd800 nmethod 11855 0x00007f4972001b10 code [0x00007f4972001d00, 0x00007f4972002268]
Event: 800.700 Thread 0x00007f49800bd800 11822       2       com.android.dx.dex.file.CodeItem::addContents (174 bytes)
Event: 800.721 Thread 0x00007f49800bd800 nmethod 11822 0x00007f497156aa90 code [0x00007f497156ad00, 0x00007f497156b448]
Event: 800.721 Thread 0x00007f49800bd800 11857 %     3       com.android.dx.dex.code.OutputFinisher::assignAddresses @ 12 (51 bytes)
Event: 800.722 Thread 0x00007f49800bd800 nmethod 11857% 0x00007f49720ac190 code [0x00007f49720ac380, 0x00007f49720acdb8]
Event: 800.722 Thread 0x00007f49800bd800 11858 % !   3       com.android.dx.dex.code.OutputFinisher::fixBranches @ 12 (234 bytes)
Event: 800.757 Thread 0x00007f49800bd800 nmethod 11858% 0x00007f497243a350 code [0x00007f497243a760, 0x00007f497243d1b8]
Event: 800.757 Thread 0x00007f49800bd800 11881 %     3       com.android.dx.dex.code.OutputFinisher::align64bits @ 44 (247 bytes)
Event: 800.758 Thread 0x00007f49800bd800 nmethod 11881% 0x00007f49720da6d0 code [0x00007f49720da9a0, 0x00007f49720dc398]
Event: 800.758 Thread 0x00007f49800bd800 11880 %     3       com.android.dx.dex.code.LocalList::make @ 16 (102 bytes)

GC Heap History (10 events):
Event: 294.962 GC heap after
Heap after GC invocations=14 (full 3):
 PSYoungGen      total 249856K, used 0K [0x00000000e0000000, 0x00000000f4500000, 0x0000000100000000)
  eden space 229376K, 0% used [0x00000000e0000000,0x00000000e0000000,0x00000000ee000000)
  from space 20480K, 0% used [0x00000000ee000000,0x00000000ee000000,0x00000000ef400000)
  to   space 20480K, 0% used [0x00000000f3100000,0x00000000f3100000,0x00000000f4500000)
 ParOldGen       total 124416K, used 37055K [0x00000000a0000000, 0x00000000a7980000, 0x00000000e0000000)
  object space 124416K, 29% used [0x00000000a0000000,0x00000000a242ff48,0x00000000a7980000)
 Metaspace       used 57477K, capacity 58966K, committed 59160K, reserved 1099776K
  class space    used 7595K, capacity 7963K, committed 8064K, reserved 1048576K
}
Event: 796.126 GC heap before
{Heap before GC invocations=15 (full 3):
 PSYoungGen      total 249856K, used 228403K [0x00000000e0000000, 0x00000000f4500000, 0x0000000100000000)
  eden space 229376K, 99% used [0x00000000e0000000,0x00000000edf0cdc0,0x00000000ee000000)
  from space 20480K, 0% used [0x00000000ee000000,0x00000000ee000000,0x00000000ef400000)
  to   space 20480K, 0% used [0x00000000f3100000,0x00000000f3100000,0x00000000f4500000)
 ParOldGen       total 124416K, used 37055K [0x00000000a0000000, 0x00000000a7980000, 0x00000000e0000000)
  object space 124416K, 29% used [0x00000000a0000000,0x00000000a242ff48,0x00000000a7980000)
 Metaspace       used 60568K, capacity 62206K, committed 62336K, reserved 1103872K
  class space    used 7931K, capacity 8305K, committed 8320K, reserved 1048576K
Event: 796.143 GC heap after
Heap after GC invocations=15 (full 3):
 PSYoungGen      total 312320K, used 12491K [0x00000000e0000000, 0x00000000f4880000, 0x0000000100000000)
  eden space 291840K, 0% used [0x00000000e0000000,0x00000000e0000000,0x00000000f1d00000)
  from space 20480K, 60% used [0x00000000f3100000,0x00000000f3d32e98,0x00000000f4500000)
  to   space 20480K, 0% used [0x00000000f1d00000,0x00000000f1d00000,0x00000000f3100000)
 ParOldGen       total 124416K, used 37063K [0x00000000a0000000, 0x00000000a7980000, 0x00000000e0000000)
  object space 124416K, 29% used [0x00000000a0000000,0x00000000a2431f48,0x00000000a7980000)
 Metaspace       used 60568K, capacity 62206K, committed 62336K, reserved 1103872K
  class space    used 7931K, capacity 8305K, committed 8320K, reserved 1048576K
}
Event: 798.398 GC heap before
{Heap before GC invocations=16 (full 3):
 PSYoungGen      total 312320K, used 304331K [0x00000000e0000000, 0x00000000f4880000, 0x0000000100000000)
  eden space 291840K, 100% used [0x00000000e0000000,0x00000000f1d00000,0x00000000f1d00000)
  from space 20480K, 60% used [0x00000000f3100000,0x00000000f3d32e98,0x00000000f4500000)
  to   space 20480K, 0% used [0x00000000f1d00000,0x00000000f1d00000,0x00000000f3100000)
 ParOldGen       total 124416K, used 37063K [0x00000000a0000000, 0x00000000a7980000, 0x00000000e0000000)
  object space 124416K, 29% used [0x00000000a0000000,0x00000000a2431f48,0x00000000a7980000)
 Metaspace       used 64475K, capacity 66186K, committed 66432K, reserved 1107968K
  class space    used 8317K, capacity 8719K, committed 8832K, reserved 1048576K
Event: 798.489 GC heap after
Heap after GC invocations=16 (full 3):
 PSYoungGen      total 312320K, used 20460K [0x00000000e0000000, 0x00000000fb400000, 0x0000000100000000)
  eden space 291840K, 0% used [0x00000000e0000000,0x00000000e0000000,0x00000000f1d00000)
  from space 20480K, 99% used [0x00000000f1d00000,0x00000000f30fb188,0x00000000f3100000)
  to   space 32256K, 0% used [0x00000000f9480000,0x00000000f9480000,0x00000000fb400000)
 ParOldGen       total 124416K, used 61109K [0x00000000a0000000, 0x00000000a7980000, 0x00000000e0000000)
  object space 124416K, 49% used [0x00000000a0000000,0x00000000a3bad4c8,0x00000000a7980000)
 Metaspace       used 64475K, capacity 66186K, committed 66432K, reserved 1107968K
  class space    used 8317K, capacity 8719K, committed 8832K, reserved 1048576K
}
Event: 799.468 GC heap before
{Heap before GC invocations=17 (full 3):
 PSYoungGen      total 312320K, used 312300K [0x00000000e0000000, 0x00000000fb400000, 0x0000000100000000)
  eden space 291840K, 100% used [0x00000000e0000000,0x00000000f1d00000,0x00000000f1d00000)
  from space 20480K, 99% used [0x00000000f1d00000,0x00000000f30fb188,0x00000000f3100000)
  to   space 32256K, 0% used [0x00000000f9480000,0x00000000f9480000,0x00000000fb400000)
 ParOldGen       total 124416K, used 61109K [0x00000000a0000000, 0x00000000a7980000, 0x00000000e0000000)
  object space 124416K, 49% used [0x00000000a0000000,0x00000000a3bad4c8,0x00000000a7980000)
 Metaspace       used 64571K, capacity 66314K, committed 66432K, reserved 1107968K
  class space    used 8317K, capacity 8719K, committed 8832K, reserved 1048576K
Event: 799.574 GC heap after
Heap after GC invocations=17 (full 3):
 PSYoungGen      total 399872K, used 32235K [0x00000000e0000000, 0x00000000fe400000, 0x0000000100000000)
  eden space 367616K, 0% used [0x00000000e0000000,0x00000000e0000000,0x00000000f6700000)
  from space 32256K, 99% used [0x00000000f9480000,0x00000000fb3fade0,0x00000000fb400000)
  to   space 46592K, 0% used [0x00000000f6700000,0x00000000f6700000,0x00000000f9480000)
 ParOldGen       total 124416K, used 85200K [0x00000000a0000000, 0x00000000a7980000, 0x00000000e0000000)
  object space 124416K, 68% used [0x00000000a0000000,0x00000000a5334090,0x00000000a7980000)
 Metaspace       used 64571K, capacity 66314K, committed 66432K, reserved 1107968K
  class space    used 8317K, capacity 8719K, committed 8832K, reserved 1048576K
}
Event: 800.764 GC heap before
{Heap before GC invocations=18 (full 3):
 PSYoungGen      total 399872K, used 399851K [0x00000000e0000000, 0x00000000fe400000, 0x0000000100000000)
  eden space 367616K, 100% used [0x00000000e0000000,0x00000000f6700000,0x00000000f6700000)
  from space 32256K, 99% used [0x00000000f9480000,0x00000000fb3fade0,0x00000000fb400000)
  to   space 46592K, 0% used [0x00000000f6700000,0x00000000f6700000,0x00000000f9480000)
 ParOldGen       total 124416K, used 85200K [0x00000000a0000000, 0x00000000a7980000, 0x00000000e0000000)
  object space 124416K, 68% used [0x00000000a0000000,0x00000000a5334090,0x00000000a7980000)
 Metaspace       used 64799K, capacity 66506K, committed 66688K, reserved 1107968K
  class space    used 8319K, capacity 8719K, committed 8832K, reserved 1048576K
Event: 800.898 GC heap after
Heap after GC invocations=18 (full 3):
 PSYoungGen      total 414208K, used 45559K [0x00000000e0000000, 0x0000000100000000, 0x0000000100000000)
  eden space 367616K, 0% used [0x00000000e0000000,0x00000000e0000000,0x00000000f6700000)
  from space 46592K, 97% used [0x00000000f6700000,0x00000000f937dcc0,0x00000000f9480000)
  to   space 53760K, 0% used [0x00000000fcb80000,0x00000000fcb80000,0x0000000100000000)
 ParOldGen       total 124416K, used 108568K [0x00000000a0000000, 0x00000000a7980000, 0x00000000e0000000)
  object space 124416K, 87% used [0x00000000a0000000,0x00000000a6a06008,0x00000000a7980000)
 Metaspace       used 64799K, capacity 66506K, committed 66688K, reserved 1107968K
  class space    used 8319K, capacity 8719K, committed 8832K, reserved 1048576K
}
Event: 800.899 GC heap before
{Heap before GC invocations=19 (full 4):
 PSYoungGen      total 414208K, used 45559K [0x00000000e0000000, 0x0000000100000000, 0x0000000100000000)
  eden space 367616K, 0% used [0x00000000e0000000,0x00000000e0000000,0x00000000f6700000)
  from space 46592K, 97% used [0x00000000f6700000,0x00000000f937dcc0,0x00000000f9480000)
  to   space 53760K, 0% used [0x00000000fcb80000,0x00000000fcb80000,0x0000000100000000)
 ParOldGen       total 124416K, used 108568K [0x00000000a0000000, 0x00000000a7980000, 0x00000000e0000000)
  object space 124416K, 87% used [0x00000000a0000000,0x00000000a6a06008,0x00000000a7980000)
 Metaspace       used 64799K, capacity 66506K, committed 66688K, reserved 1107968K
  class space    used 8319K, capacity 8719K, committed 8832K, reserved 1048576K

Deoptimization events (10 events):
Event: 798.897 Thread 0x00007f48f402d000 Uncommon trap: reason=null_check action=make_not_entrant pc=0x00007f49714d02a8 method=com.android.dx.ssa.SsaRenamer.getLocalForNewReg(I)Lcom/android/dx/rop/code/LocalItem; @ 19
Event: 799.101 Thread 0x00007f48f800d000 Uncommon trap: reason=unstable_if action=reinterpret pc=0x00007f4972121264 method=com.android.dx.rop.code.RegisterSpecSet.<init>(I)V @ 2
Event: 799.759 Thread 0x00007f48f4078800 Uncommon trap: reason=unstable_if action=reinterpret pc=0x00007f4971ee0b7c method=java.util.concurrent.ConcurrentHashMap.putVal(Ljava/lang/Object;Ljava/lang/Object;Z)Ljava/lang/Object; @ 331
Event: 799.932 Thread 0x00007f4914004800 Uncommon trap: reason=unstable_if action=reinterpret pc=0x00007f49723694d4 method=java.util.concurrent.ConcurrentHashMap.putVal(Ljava/lang/Object;Ljava/lang/Object;Z)Ljava/lang/Object; @ 152
Event: 799.953 Thread 0x00007f48e803c000 Uncommon trap: reason=unstable_if action=reinterpret pc=0x00007f49722020d4 method=com.android.dx.ssa.SsaMethod.getExitBlock()Lcom/android/dx/ssa/SsaBasicBlock; @ 4
Event: 800.101 Thread 0x00007f48f402d000 Uncommon trap: reason=unstable_if action=reinterpret pc=0x00007f49722f3530 method=com.android.dx.ssa.SCCP.simulateBranch(Lcom/android/dx/ssa/SsaInsn;)V @ 548
Event: 800.318 Thread 0x00007f48e803c000 Uncommon trap: reason=unstable_if action=reinterpret pc=0x00007f497237f1a0 method=com.android.dx.rop.code.LocalVariableExtractor.processBlock(I)V @ 208
Event: 800.627 Thread 0x00007f48e803c000 Uncommon trap: reason=unstable_if action=reinterpret pc=0x00007f497105d5c0 method=java.util.HashMap.getNode(ILjava/lang/Object;)Ljava/util/HashMap$Node; @ 84
Event: 800.627 Thread 0x00007f48e803c000 Uncommon trap: reason=unstable_if action=reinterpret pc=0x00007f4970e54310 method=java.util.HashMap.getNode(ILjava/lang/Object;)Ljava/util/HashMap$Node; @ 84
Event: 800.669 Thread 0x00007f48f407a800 Uncommon trap: reason=unstable_if action=reinterpret pc=0x00007f4971600024 method=java.util.HashMap.putVal(ILjava/lang/Object;Ljava/lang/Object;ZZ)Ljava/lang/Object; @ 109

Internal exceptions (10 events):
Event: 290.455 Thread 0x00007f4920007000 Exception <a 'java/lang/NoSuchMethodError': <clinit>> (0x00000000e4abb690) thrown at [/ssd/Android/AOSP-openjdk/external/jetbrains/jdk/hotspot/src/share/vm/prims/jni.cpp, line 1591]
Event: 290.458 Thread 0x00007f4920007000 Exception <a 'java/lang/NoSuchMethodError': <clinit>> (0x00000000e4ad3ea0) thrown at [/ssd/Android/AOSP-openjdk/external/jetbrains/jdk/hotspot/src/share/vm/prims/jni.cpp, line 1591]
Event: 290.458 Thread 0x00007f4920007000 Exception <a 'java/lang/NoSuchMethodError': <clinit>> (0x00000000e4ad53b8) thrown at [/ssd/Android/AOSP-openjdk/external/jetbrains/jdk/hotspot/src/share/vm/prims/jni.cpp, line 1591]
Event: 290.538 Thread 0x00007f4920007000 Exception <a 'java/lang/ClassNotFoundException': com/android/build/gradle/internal/LibraryCache$1BeanInfo> (0x00000000e4cbf928) thrown at [/ssd/Android/AOSP-openjdk/external/jetbrains/jdk/hotspot/src/share/vm/classfile/systemDictionary.cpp, line 210]
Event: 290.539 Thread 0x00007f4920007000 Exception <a 'java/lang/ClassNotFoundException': com/android/build/gradle/internal/LibraryCache$1Customizer> (0x00000000e4cd01c0) thrown at [/ssd/Android/AOSP-openjdk/external/jetbrains/jdk/hotspot/src/share/vm/classfile/systemDictionary.cpp, line 210]
Event: 292.294 Thread 0x00007f4920007000 Implicit null exception at 0x00007f4971be0a97 to 0x00007f4971be0be3
Event: 294.388 Thread 0x00007f4920007000 Implicit null exception at 0x00007f4970ba1617 to 0x00007f4970ba22c9
Event: 425.223 Thread 0x00007f4920007000 Exception <a 'java/lang/NoSuchMethodError': <clinit>> (0x00000000e35922f0) thrown at [/ssd/Android/AOSP-openjdk/external/jetbrains/jdk/hotspot/src/share/vm/prims/jni.cpp, line 1591]
Event: 796.171 Thread 0x00007f4920007000 Exception <a 'java/io/FileNotFoundException'> (0x00000000e2643968) thrown at [/ssd/Android/AOSP-openjdk/external/jetbrains/jdk/hotspot/src/share/vm/prims/jni.cpp, line 709]
Event: 798.897 Thread 0x00007f48f402d000 Implicit null exception at 0x00007f49714ce574 to 0x00007f49714d0261

Events (10 events):
Event: 800.721 Thread 0x00007f48e8039800 Thread exited: 0x00007f48e8039800
Event: 800.721 Thread 0x00007f48e803c000 Thread added: 0x00007f48e803c000
Event: 800.721 Thread 0x00007f48e8003000 Thread exited: 0x00007f48e8003000
Event: 800.727 Thread 0x00007f48f801e000 DEOPT PACKING pc=0x00007f49722ea06c sp=0x00007f48ef246180
Event: 800.727 Thread 0x00007f48f801e000 DEOPT UNPACKING pc=0x00007f49707f4373 sp=0x00007f48ef245ee8 mode 0
Event: 800.745 Executing VM operation: RevokeBias
Event: 800.747 Executing VM operation: RevokeBias done
Event: 800.758 loading class com/android/dx/cf/iface/ParseObserver
Event: 800.758 loading class com/android/dx/cf/iface/ParseObserver done
Event: 800.763 Executing VM operation: ParallelGCFailedAllocation


Dynamic libraries:
00400000-00401000 r-xp 00000000 08:05 1335441                            /usr/local/android-studio/jre/bin/java
00600000-00601000 r--p 00000000 08:05 1335441                            /usr/local/android-studio/jre/bin/java
00601000-00602000 rw-p 00001000 08:05 1335441                            /usr/local/android-studio/jre/bin/java
01aef000-01b10000 rw-p 00000000 00:00 0                                  [heap]
a0000000-a7980000 rw-p 00000000 00:00 0 
ae100000-e0000000 ---p 00000000 00:00 0 
e0000000-100000000 rw-p 00000000 00:00 0 
100000000-1008a0000 rw-p 00000000 00:00 0 
1008a0000-140000000 ---p 00000000 00:00 0 
7f48e8000000-7f48e805a000 rw-p 00000000 00:00 0 
7f48e805a000-7f48ec000000 ---p 00000000 00:00 0 
7f48ed6f5000-7f48ed6f8000 ---p 00000000 00:00 0 
7f48ed6f8000-7f48ed72e000 rw-p 00000000 00:00 0 
7f48ed72e000-7f48ed731000 ---p 00000000 00:00 0 
7f48ed731000-7f48ed82f000 rw-p 00000000 00:00 0 
7f48ed82f000-7f48ed832000 ---p 00000000 00:00 0 
7f48ed832000-7f48ed930000 rw-p 00000000 00:00 0 
7f48ed930000-7f48ed933000 ---p 00000000 00:00 0 
7f48ed933000-7f48ed969000 rw-p 00000000 00:00 0 
7f48edb6b000-7f48edb6e000 ---p 00000000 00:00 0 
7f48edb6e000-7f48edba4000 rw-p 00000000 00:00 0 
7f48edba4000-7f48edba7000 ---p 00000000 00:00 0 
7f48edba7000-7f48edca5000 rw-p 00000000 00:00 0 
7f48edca5000-7f48edca8000 ---p 00000000 00:00 0 
7f48edca8000-7f48edda6000 rw-p 00000000 00:00 0 
7f48edda6000-7f48edda9000 ---p 00000000 00:00 0 
7f48edda9000-7f48edddf000 rw-p 00000000 00:00 0 
7f48edddf000-7f48edde2000 ---p 00000000 00:00 0 
7f48edde2000-7f48edee0000 rw-p 00000000 00:00 0 
7f48edee0000-7f48edee3000 ---p 00000000 00:00 0 
7f48edee3000-7f48edfe1000 rw-p 00000000 00:00 0 
7f48edfe1000-7f48edfe4000 ---p 00000000 00:00 0 
7f48edfe4000-7f48ee01a000 rw-p 00000000 00:00 0 
7f48ee01a000-7f48ee01d000 ---p 00000000 00:00 0 
7f48ee01d000-7f48ee11b000 rw-p 00000000 00:00 0 
7f48ee21c000-7f48ee21f000 ---p 00000000 00:00 0 
7f48ee21f000-7f48ee31d000 rw-p 00000000 00:00 0 
7f48ee31d000-7f48ee320000 ---p 00000000 00:00 0 
7f48ee320000-7f48ee41e000 rw-p 00000000 00:00 0 
7f48ee41e000-7f48ee421000 ---p 00000000 00:00 0 
7f48ee421000-7f48ee51f000 rw-p 00000000 00:00 0 
7f48ee721000-7f48ee724000 ---p 00000000 00:00 0 
7f48ee724000-7f48ee75a000 rw-p 00000000 00:00 0 
7f48ee75a000-7f48ee75d000 ---p 00000000 00:00 0 
7f48ee75d000-7f48ee85b000 rw-p 00000000 00:00 0 
7f48ee85b000-7f48ee85e000 ---p 00000000 00:00 0 
7f48ee85e000-7f48ee95c000 rw-p 00000000 00:00 0 
7f48ee95c000-7f48ee95f000 ---p 00000000 00:00 0 
7f48ee95f000-7f48ee995000 rw-p 00000000 00:00 0 
7f48eeb97000-7f48eeb9a000 ---p 00000000 00:00 0 
7f48eeb9a000-7f48eebd0000 rw-p 00000000 00:00 0 
7f48eebd0000-7f48eebd3000 ---p 00000000 00:00 0 
7f48eebd3000-7f48eecd1000 rw-p 00000000 00:00 0 
7f48eecd1000-7f48eecd4000 ---p 00000000 00:00 0 
7f48eecd4000-7f48eedd2000 rw-p 00000000 00:00 0 
7f48eedd2000-7f48eedd5000 ---p 00000000 00:00 0 
7f48eedd5000-7f48eee0b000 rw-p 00000000 00:00 0 
7f48ef00d000-7f48ef010000 ---p 00000000 00:00 0 
7f48ef010000-7f48ef046000 rw-p 00000000 00:00 0 
7f48ef046000-7f48ef049000 ---p 00000000 00:00 0 
7f48ef049000-7f48ef147000 rw-p 00000000 00:00 0 
7f48ef147000-7f48ef14a000 ---p 00000000 00:00 0 
7f48ef14a000-7f48ef248000 rw-p 00000000 00:00 0 
7f48ef248000-7f48ef24b000 ---p 00000000 00:00 0 
7f48ef24b000-7f48ef281000 rw-p 00000000 00:00 0 
7f48ef483000-7f48ef486000 ---p 00000000 00:00 0 
7f48ef486000-7f48ef4bc000 rw-p 00000000 00:00 0 
7f48ef4bc000-7f48ef4bf000 ---p 00000000 00:00 0 
7f48ef4bf000-7f48ef5bd000 rw-p 00000000 00:00 0 
7f48ef5bd000-7f48ef5c0000 ---p 00000000 00:00 0 
7f48ef5c0000-7f48ef6be000 rw-p 00000000 00:00 0 
7f48ef6be000-7f48ef6c1000 ---p 00000000 00:00 0 
7f48ef6c1000-7f48ef6f7000 rw-p 00000000 00:00 0 
7f48ef6f7000-7f48ef6fa000 ---p 00000000 00:00 0 
7f48ef6fa000-7f48ef7f8000 rw-p 00000000 00:00 0 
7f48ef7f8000-7f48ef7fb000 ---p 00000000 00:00 0 
7f48ef7fb000-7f48ef8f9000 rw-p 00000000 00:00 0 
7f48efafb000-7f48efafe000 ---p 00000000 00:00 0 
7f48efafe000-7f48efbfc000 rw-p 00000000 00:00 0 
7f48efbfc000-7f48efbff000 ---p 00000000 00:00 0 
7f48efbff000-7f48efcfd000 rw-p 00000000 00:00 0 
7f48efcff000-7f48efd7f000 rw-p 00000000 00:00 0 
7f48efd7f000-7f48eff02000 ---p 00000000 00:00 0 
7f48eff02000-7f48f0000000 rw-p 00000000 00:00 0 
7f48f0000000-7f48f009e000 rw-p 00000000 00:00 0 
7f48f009e000-7f48f4000000 ---p 00000000 00:00 0 
7f48f4000000-7f48f40ae000 rw-p 00000000 00:00 0 
7f48f40ae000-7f48f8000000 ---p 00000000 00:00 0 
7f48f8000000-7f48f8066000 rw-p 00000000 00:00 0 
7f48f8066000-7f48fc000000 ---p 00000000 00:00 0 
7f48fc000000-7f48fc049000 rw-p 00000000 00:00 0 
7f48fc049000-7f4900000000 ---p 00000000 00:00 0 
7f4900000000-7f4900025000 rw-p 00000000 00:00 0 
7f4900025000-7f4904000000 ---p 00000000 00:00 0 
7f4904000000-7f4904021000 rw-p 00000000 00:00 0 
7f4904021000-7f4908000000 ---p 00000000 00:00 0 
7f4908000000-7f490802b000 rw-p 00000000 00:00 0 
7f490802b000-7f490c000000 ---p 00000000 00:00 0 
7f490c000000-7f490c021000 rw-p 00000000 00:00 0 
7f490c021000-7f4910000000 ---p 00000000 00:00 0 
7f4910000000-7f4910021000 rw-p 00000000 00:00 0 
7f4910021000-7f4914000000 ---p 00000000 00:00 0 
7f4914000000-7f4914021000 rw-p 00000000 00:00 0 
7f4914021000-7f4918000000 ---p 00000000 00:00 0 
7f4918000000-7f4918021000 rw-p 00000000 00:00 0 
7f4918021000-7f491c000000 ---p 00000000 00:00 0 
7f491c000000-7f491d6df000 rw-p 00000000 00:00 0 
7f491d6df000-7f4920000000 ---p 00000000 00:00 0 
7f4920000000-7f4920021000 rw-p 00000000 00:00 0 
7f4920021000-7f4924000000 ---p 00000000 00:00 0 
7f4924000000-7f4924021000 rw-p 00000000 00:00 0 
7f4924021000-7f4928000000 ---p 00000000 00:00 0 
7f4928000000-7f4928071000 rw-p 00000000 00:00 0 
7f4928071000-7f492c000000 ---p 00000000 00:00 0 
7f492c000000-7f492c021000 rw-p 00000000 00:00 0 
7f492c021000-7f4930000000 ---p 00000000 00:00 0 
7f4930000000-7f4930021000 rw-p 00000000 00:00 0 
7f4930021000-7f4934000000 ---p 00000000 00:00 0 
7f4934000000-7f4934021000 rw-p 00000000 00:00 0 
7f4934021000-7f4938000000 ---p 00000000 00:00 0 
7f4938000000-7f4939c60000 rw-p 00000000 00:00 0 
7f4939c60000-7f493c000000 ---p 00000000 00:00 0 
7f493c000000-7f493d264000 rw-p 00000000 00:00 0 
7f493d264000-7f4940000000 ---p 00000000 00:00 0 
7f4940000000-7f4940021000 rw-p 00000000 00:00 0 
7f4940021000-7f4944000000 ---p 00000000 00:00 0 
7f4944000000-7f4945fee000 rw-p 00000000 00:00 0 
7f4945fee000-7f4948000000 ---p 00000000 00:00 0 
7f4948000000-7f4948034000 rw-p 00000000 00:00 0 
7f4948034000-7f494c000000 ---p 00000000 00:00 0 
7f494c000000-7f494c021000 rw-p 00000000 00:00 0 
7f494c021000-7f4950000000 ---p 00000000 00:00 0 
7f4950000000-7f4950024000 rw-p 00000000 00:00 0 
7f4950024000-7f4954000000 ---p 00000000 00:00 0 
7f4954000000-7f4954393000 rw-p 00000000 00:00 0 
7f4954393000-7f4958000000 ---p 00000000 00:00 0 
7f4958000000-7f495803e000 rw-p 00000000 00:00 0 
7f495803e000-7f495c000000 ---p 00000000 00:00 0 
7f495c007000-7f495c00a000 ---p 00000000 00:00 0 
7f495c00a000-7f495c040000 rw-p 00000000 00:00 0 
7f495c040000-7f495c043000 ---p 00000000 00:00 0 
7f495c043000-7f495c141000 rw-p 00000000 00:00 0 
7f495c141000-7f495c144000 ---p 00000000 00:00 0 
7f495c144000-7f495c242000 rw-p 00000000 00:00 0 
7f495c242000-7f495c245000 ---p 00000000 00:00 0 
7f495c245000-7f495c27b000 rw-p 00000000 00:00 0 
7f495c27b000-7f495c27e000 ---p 00000000 00:00 0 
7f495c27e000-7f495c37c000 rw-p 00000000 00:00 0 
7f495c37c000-7f495c37f000 ---p 00000000 00:00 0 
7f495c37f000-7f495c47d000 rw-p 00000000 00:00 0 
7f495c47d000-7f495c480000 ---p 00000000 00:00 0 
7f495c480000-7f495c57e000 rw-p 00000000 00:00 0 
7f495c57e000-7f495c581000 ---p 00000000 00:00 0 
7f495c581000-7f495c67f000 rw-p 00000000 00:00 0 
7f495c67f000-7f495c682000 ---p 00000000 00:00 0 
7f495c682000-7f495c780000 rw-p 00000000 00:00 0 
7f495c782000-7f495c982000 rw-p 00000000 00:00 0 
7f495c982000-7f495c985000 ---p 00000000 00:00 0 
7f495c985000-7f495ca83000 rw-p 00000000 00:00 0 
7f495ca83000-7f495ca86000 ---p 00000000 00:00 0 
7f495ca86000-7f495cb84000 rw-p 00000000 00:00 0 
7f495cb88000-7f495cd88000 rw-p 00000000 00:00 0 
7f495cd88000-7f495cf88000 rw-p 00000000 00:00 0 
7f495cf88000-7f495cf8b000 ---p 00000000 00:00 0 
7f495cf8b000-7f495cfc1000 rw-p 00000000 00:00 0 
7f495cfc1000-7f495cfc4000 ---p 00000000 00:00 0 
7f495cfc4000-7f495d0c2000 rw-p 00000000 00:00 0 
7f495d0c2000-7f495d0c5000 ---p 00000000 00:00 0 
7f495d0c5000-7f495d1c3000 rw-p 00000000 00:00 0 
7f495d1c3000-7f495d1c6000 ---p 00000000 00:00 0 
7f495d1c6000-7f495d2c4000 rw-p 00000000 00:00 0 
7f495d389000-7f495d397000 r--s 0006d000 08:05 814121                     /home/igor/AndroidStudioProjects/MyApplication2/app/build/intermediates/exploded-aar/com.android.support/support-compat/24.2.1/jars/classes.jar
7f495d397000-7f495d3c7000 r--p 00000000 08:05 336472                     /usr/share/locale-langpack/uk/LC_MESSAGES/libc.mo
7f495d3c7000-7f495d5c7000 rw-p 00000000 00:00 0 
7f495d5c7000-7f495d5ca000 ---p 00000000 00:00 0 
7f495d5ca000-7f495d6c8000 rw-p 00000000 00:00 0 
7f495d6c8000-7f495d6cb000 ---p 00000000 00:00 0 
7f495d6cb000-7f495d7c9000 rw-p 00000000 00:00 0 
7f495d7c9000-7f495d7cc000 ---p 00000000 00:00 0 
7f495d7cc000-7f495daca000 rw-p 00000000 00:00 0 
7f495daca000-7f495dcca000 rw-p 00000000 00:00 0 
7f495dcca000-7f495deca000 rw-p 00000000 00:00 0 
7f495deca000-7f495e0ca000 rw-p 00000000 00:00 0 
7f495e0ca000-7f495e2ca000 rw-p 00000000 00:00 0 
7f495e2ca000-7f495e4ca000 rw-p 00000000 00:00 0 
7f495e4ca000-7f495e6ca000 rw-p 00000000 00:00 0 
7f495e6ca000-7f495e8ca000 rw-p 00000000 00:00 0 
7f495e8cc000-7f495e8cf000 ---p 00000000 00:00 0 
7f495e8cf000-7f495e905000 rw-p 00000000 00:00 0 
7f495e905000-7f495e908000 ---p 00000000 00:00 0 
7f495e908000-7f495e93e000 rw-p 00000000 00:00 0 
7f495e93e000-7f495e941000 ---p 00000000 00:00 0 
7f495e941000-7f495e977000 rw-p 00000000 00:00 0 
7f495e977000-7f495e98a000 r--s 00344000 08:05 1335464                    /usr/local/android-studio/jre/jre/lib/resources.jar
7f495e98a000-7f495eb8a000 rw-p 00000000 00:00 0 
7f495eb8a000-7f495ed8a000 rw-p 00000000 00:00 0 
7f495ed8a000-7f495ef8a000 rw-p 00000000 00:00 0 
7f495ef8a000-7f495f18a000 rw-p 00000000 00:00 0 
7f495f18a000-7f495f1b5000 r--s 001fc000 08:05 1581929                    /usr/local/android-studio/gradle/m2repository/com/google/guava/guava/18.0/guava-18.0.jar
7f495f1b5000-7f495f1b6000 r--s 00001000 08:05 1582031                    /usr/local/android-studio/gradle/m2repository/com/android/tools/annotations/25.2.1/annotations-25.2.1.jar
7f495f1b6000-7f495f1c8000 r--s 000b3000 08:05 1582277                    /usr/local/android-studio/gradle/m2repository/com/android/tools/external/com-intellij/uast/145.597.3/uast-145.597.3.jar
7f495f1c8000-7f495f1d0000 r--s 000a8000 08:05 1582270                    /usr/local/android-studio/gradle/m2repository/com/android/tools/external/lombok/lombok-ast/0.2.3/lombok-ast-0.2.3.jar
7f495f1d0000-7f495f1d2000 r--s 0000d000 08:05 1441279                    /usr/local/android-studio/gradle/m2repository/commons-codec/commons-codec/1.4/commons-codec-1.4.jar
7f495f1d2000-7f495f1d4000 r--s 0000d000 08:05 1336118                    /usr/local/android-studio/gradle/m2repository/commons-logging/commons-logging/1.1.1/commons-logging-1.1.1.jar
7f495f1d4000-7f495f1d9000 r--s 00028000 08:05 1581817                    /usr/local/android-studio/gradle/m2repository/org/apache/httpcomponents/httpcore/4.1/httpcore-4.1.jar
7f495f1d9000-7f495f1dd000 r--s 0002f000 08:05 1581959                    /usr/local/android-studio/gradle/m2repository/com/google/jimfs/jimfs/1.1/jimfs-1.1.jar
7f495f1dd000-7f495f1de000 r--s 00004000 08:05 1581892                    /usr/local/android-studio/gradle/m2repository/com/intellij/annotations/12.0/annotations-12.0.jar
7f495f1de000-7f495f1df000 r--s 00004000 08:05 1336165                    /usr/local/android-studio/gradle/m2repository/org/ow2/asm/asm-analysis/5.0.4/asm-analysis-5.0.4.jar
7f495f1df000-7f495f1e3000 r--s 0003b000 08:05 1582365                    /usr/local/android-studio/gradle/m2repository/com/android/tools/lint/lint-api/25.2.1/lint-api-25.2.1.jar
7f495f1e3000-7f495f1e4000 r--s 0000a000 08:05 1336329                    /usr/local/android-studio/gradle/m2repository/net/sf/kxml/kxml2/2.3.0/kxml2-2.3.0.jar
7f495f1e4000-7f495f1e6000 r--s 00005000 08:05 1581808                    /usr/local/android-studio/gradle/m2repository/org/apache/httpcomponents/httpmime/4.1/httpmime-4.1.jar
7f495f1e6000-7f495f1ee000 r--s 0004e000 08:05 1581828                    /usr/local/android-studio/gradle/m2repository/org/apache/httpcomponents/httpclient/4.1.1/httpclient-4.1.1.jar
7f495f1ee000-7f495f1f5000 r--s 00053000 08:05 1581840                    /usr/local/android-studio/gradle/m2repository/org/apache/commons/commons-compress/1.8.1/commons-compress-1.8.1.jar
7f495f1f5000-7f495f1fa000 r--s 0002a000 08:05 1581947                    /usr/local/android-studio/gradle/m2repository/com/google/code/gson/gson/2.2.4/gson-2.2.4.jar
7f495f1fa000-7f495f1ff000 r--s 0002d000 08:05 1582288                    /usr/local/android-studio/gradle/m2repository/com/android/tools/repository/25.2.1/repository-25.2.1.jar
7f495f1ff000-7f495f200000 r--s 00005000 08:05 1582248                    /usr/local/android-studio/gradle/m2repository/com/android/tools/dvlib/25.2.1/dvlib-25.2.1.jar
7f495f200000-7f495f203000 r--s 00014000 08:05 1582172                    /usr/local/android-studio/gradle/m2repository/com/android/tools/layoutlib/layoutlib-api/25.2.1/layoutlib-api-25.2.1.jar
7f495f203000-7f495f208000 r--s 00058000 08:05 1336140                    /usr/local/android-studio/gradle/m2repository/org/ow2/asm/asm-debug-all/5.0.1/asm-debug-all-5.0.1.jar
7f495f208000-7f495f218000 r--s 000d6000 08:05 1441253                    /usr/local/android-studio/gradle/m2repository/net/sf/proguard/proguard-base/5.2.1/proguard-base-5.2.1.jar
7f495f218000-7f495f21b000 r--s 00033000 08:05 1581899                    /usr/local/android-studio/gradle/m2repository/com/googlecode/juniversalchardet/juniversalchardet/1.0.3/juniversalchardet-1.0.3.jar
7f495f21b000-7f495f21f000 r--s 0002a000 08:05 1336111                    /usr/local/android-studio/gradle/m2repository/commons-io/commons-io/2.4/commons-io-2.4.jar
7f495f21f000-7f495f236000 r--s 00154000 08:05 1336279                    /usr/local/android-studio/gradle/m2repository/org/antlr/antlr4/4.5.3/antlr4-4.5.3.jar
7f495f236000-7f495f237000 r--s 00002000 08:05 1581969                    /usr/local/android-studio/gradle/m2repository/com/android/databinding/baseLibrary/2.2.1/baseLibrary-2.2.1.jar
7f495f237000-7f495f24a000 r--s 00236000 08:05 1336224                    /usr/local/android-studio/gradle/m2repository/org/eclipse/jdt/core/compiler/ecj/4.5.1/ecj-4.5.1.jar
7f495f24a000-7f495f251000 r--s 000c3000 08:05 1582329                    /usr/local/android-studio/gradle/m2repository/com/android/tools/lint/lint-checks/25.2.1/lint-checks-25.2.1.jar
7f495f251000-7f495f451000 rw-p 00000000 00:00 0 
7f495f451000-7f495f454000 ---p 00000000 00:00 0 
7f495f454000-7f495f752000 rw-p 00000000 00:00 0 
7f495f752000-7f495f952000 rw-p 00000000 00:00 0 
7f495f952000-7f495f954000 r--s 00006000 08:05 1336179                    /usr/local/android-studio/gradle/m2repository/org/ow2/asm/asm-tree/5.0.4/asm-tree-5.0.4.jar
7f495f954000-7f495f987000 r--s 00203000 08:05 1336286                    /usr/local/android-studio/gradle/m2repository/org/bouncycastle/bcprov-jdk15on/1.48/bcprov-jdk15on-1.48.jar
7f495f987000-7f495f995000 r--s 00081000 08:05 1336291                    /usr/local/android-studio/gradle/m2repository/org/bouncycastle/bcpkix-jdk15on/1.48/bcpkix-jdk15on-1.48.jar
7f495f995000-7f495f997000 r--s 00002000 08:05 1581907                    /usr/local/android-studio/gradle/m2repository/com/squareup/javawriter/2.5.0/javawriter-2.5.0.jar
7f495f997000-7f495f998000 r--s 00002000 08:05 1582295                    /usr/local/android-studio/gradle/m2repository/com/android/tools/analytics-library/tracker/25.2.1/tracker-25.2.1.jar
7f495f998000-7f495f99a000 r--s 00003000 08:05 1582309                    /usr/local/android-studio/gradle/m2repository/com/android/tools/analytics-library/shared/25.2.1/shared-25.2.1.jar
7f495f99a000-7f495f9a7000 r--s 000ed000 08:05 1582302                    /usr/local/android-studio/gradle/m2repository/com/android/tools/analytics-library/protos/25.2.1/protos-25.2.1.jar
7f495f9a7000-7f495f9a8000 r--s 00001000 08:05 1582176                    /usr/local/android-studio/gradle/m2repository/com/android/tools/jill/jill-api/0.10.0/jill-api-0.10.0.jar
7f495f9a8000-7f495f9aa000 r--s 00003000 08:05 1582391                    /usr/local/android-studio/gradle/m2repository/com/android/tools/jack/jack-api/0.11.0/jack-api-0.11.0.jar
7f495f9aa000-7f495f9af000 r--s 0004a000 08:05 1582219                    /usr/local/android-studio/gradle/m2repository/com/android/tools/ddms/ddmlib/25.2.1/ddmlib-25.2.1.jar
7f495f9af000-7f495f9b2000 r--s 00021000 08:05 1582102                    /usr/local/android-studio/gradle/m2repository/com/android/tools/build/manifest-merger/25.2.1/manifest-merger-25.2.1.jar
7f495f9b2000-7f495f9b4000 r--s 0001c000 08:05 1582413                    /usr/local/android-studio/gradle/m2repository/com/android/tools/common/25.2.1/common-25.2.1.jar
7f495f9b4000-7f495f9bd000 r--s 00083000 08:05 1582200                    /usr/local/android-studio/gradle/m2repository/com/android/tools/sdk-common/25.2.1/sdk-common-25.2.1.jar
7f495f9bd000-7f495f9c8000 r--s 0008e000 08:05 1582383                    /usr/local/android-studio/gradle/m2repository/com/android/tools/sdklib/25.2.1/sdklib-25.2.1.jar
7f495f9c8000-7f495f9c9000 r--s 00002000 08:05 1582063                    /usr/local/android-studio/gradle/m2repository/com/android/tools/build/builder-test-api/2.2.1/builder-test-api-2.2.1.jar
7f495f9c9000-7f495f9cc000 r--s 00005000 08:05 1582131                    /usr/local/android-studio/gradle/m2repository/com/android/tools/build/builder-model/2.2.1/builder-model-2.2.1.jar
7f495f9cc000-7f495f9d4000 r--s 0007b000 08:05 1581939                    /usr/local/android-studio/gradle/m2repository/com/google/protobuf/protobuf-java/2.5.0/protobuf-java-2.5.0.jar
7f495f9d4000-7f495f9d6000 r--s 0000f000 08:05 1336322                    /usr/local/android-studio/gradle/m2repository/net/sf/jopt-simple/jopt-simple/4.9/jopt-simple-4.9.jar
7f495f9d6000-7f495f9da000 r--s 0001f000 08:05 1581796                    /usr/local/android-studio/gradle/m2repository/org/jacoco/org.jacoco.report/0.7.5.201505241946/org.jacoco.report-0.7.5.201505241946.jar
7f495f9da000-7f495f9de000 r--s 0001d000 08:05 1336307                    /usr/local/android-studio/gradle/m2repository/org/jacoco/org.jacoco.core/0.7.5.201505241946/org.jacoco.core-0.7.5.201505241946.jar
7f495f9de000-7f495f9df000 r--s 00002000 08:05 1441269                    /usr/local/android-studio/gradle/m2repository/net/sf/proguard/proguard-gradle/5.2.1/proguard-gradle-5.2.1.jar
7f495f9df000-7f495f9e1000 r--s 00009000 08:05 1336188                    /usr/local/android-studio/gradle/m2repository/org/ow2/asm/asm-commons/5.0.4/asm-commons-5.0.4.jar
7f495f9e1000-7f495f9e3000 r--s 0000c000 08:05 1336211                    /usr/local/android-studio/gradle/m2repository/org/ow2/asm/asm/5.0.4/asm-5.0.4.jar
7f495f9e3000-7f495f9e7000 r--s 0002b000 08:05 1581996                    /usr/local/android-studio/gradle/m2repository/com/android/databinding/compilerCommon/2.2.1/compilerCommon-2.2.1.jar
7f495f9e7000-7f495f9e8000 r--s 00002000 08:05 1582082                    /usr/local/android-studio/gradle/m2repository/com/android/tools/build/gradle-api/2.2.1/gradle-api-2.2.1.jar
7f495f9e8000-7f495f9e9000 r--s 00000000 08:05 1582120                    /usr/local/android-studio/gradle/m2repository/com/android/tools/build/transform-api/2.0.0-deprecated-use-gradle-api/transform-api-2.0.0-deprecated-use-gradle-api.jar
7f495f9e9000-7f495fa00000 r--s 0015d000 08:05 1582049                    /usr/local/android-studio/gradle/m2repository/com/android/tools/build/builder/2.2.1/builder-2.2.1.jar
7f495fa00000-7f495fc00000 rw-p 00000000 00:00 0 
7f495fc00000-7f495fe00000 rw-p 00000000 00:00 0 
7f495fe00000-7f4960000000 rw-p 00000000 00:00 0 
7f4960000000-7f49600b0000 rw-p 00000000 00:00 0 
7f49600b0000-7f4964000000 ---p 00000000 00:00 0 
7f4964000000-7f4964005000 r--s 00053000 08:05 1582346                    /usr/local/android-studio/gradle/m2repository/com/android/tools/lint/lint/25.2.1/lint-25.2.1.jar
7f4964005000-7f4964021000 r--s 0019d000 08:05 1582110                    /usr/local/android-studio/gradle/m2repository/com/android/tools/build/gradle-core/2.2.1/gradle-core-2.2.1.jar
7f4964021000-7f4964023000 r--s 0000d000 08:05 1582146                    /usr/local/android-studio/gradle/m2repository/com/android/tools/build/gradle/2.2.1/gradle-2.2.1.jar
7f4964023000-7f4964026000 ---p 00000000 00:00 0 
7f4964026000-7f496405c000 rw-p 00000000 00:00 0 
7f496405c000-7f496405d000 r--p 00000000 00:00 0 
7f496405d000-7f496425d000 rw-p 00000000 00:00 0 
7f496425d000-7f49642d5000 r--s 010eb000 08:05 1335406                    /usr/local/android-studio/jre/lib/tools.jar
7f49642d5000-7f49642d8000 ---p 00000000 00:00 0 
7f49642d8000-7f49643d6000 rw-p 00000000 00:00 0 
7f49643d6000-7f49643d9000 ---p 00000000 00:00 0 
7f49643d9000-7f49644d7000 rw-p 00000000 00:00 0 
7f49644d7000-7f49644da000 ---p 00000000 00:00 0 
7f49644da000-7f49645d8000 rw-p 00000000 00:00 0 
7f49645d8000-7f49645db000 ---p 00000000 00:00 0 
7f49645db000-7f49646d9000 rw-p 00000000 00:00 0 
7f49646d9000-7f49646dc000 ---p 00000000 00:00 0 
7f49646dc000-7f49647da000 rw-p 00000000 00:00 0 
7f49647da000-7f49647dd000 ---p 00000000 00:00 0 
7f49647dd000-7f4964adb000 rw-p 00000000 00:00 0 
7f4964adb000-7f4964ade000 ---p 00000000 00:00 0 
7f4964ade000-7f4964bdc000 rw-p 00000000 00:00 0 
7f4964bdc000-7f4964be3000 r--s 00000000 08:05 271705                     /usr/lib/x86_64-linux-gnu/gconv/gconv-modules.cache
7f4964be3000-7f4964be6000 ---p 00000000 00:00 0 
7f4964be6000-7f4964ce4000 rw-p 00000000 00:00 0 
7f4964ce4000-7f4964ced000 r-xp 00000000 08:05 1335542                    /usr/local/android-studio/jre/jre/lib/amd64/libmanagement.so
7f4964ced000-7f4964eec000 ---p 00009000 08:05 1335542                    /usr/local/android-studio/jre/jre/lib/amd64/libmanagement.so
7f4964eec000-7f4964eed000 r--p 00008000 08:05 1335542                    /usr/local/android-studio/jre/jre/lib/amd64/libmanagement.so
7f4964eed000-7f4964eee000 rw-p 00009000 08:05 1335542                    /usr/local/android-studio/jre/jre/lib/amd64/libmanagement.so
7f4964eee000-7f4964ef2000 r--s 00097000 08:05 1335516                    /usr/local/android-studio/jre/jre/lib/jsse.jar
7f4964ef2000-7f4964ef4000 r--s 00007000 08:05 1335974                    /usr/local/android-studio/gradle/gradle-2.14.1/lib/plugins/gradle-tooling-api-builders-2.14.1.jar
7f4964ef4000-7f4964ef7000 r--s 00008000 08:05 1335968                    /usr/local/android-studio/gradle/gradle-2.14.1/lib/plugins/gradle-testing-native-2.14.1.jar
7f4964ef7000-7f4964ef9000 r--s 00009000 08:05 1336049                    /usr/local/android-studio/gradle/gradle-2.14.1/lib/plugins/hamcrest-core-1.3.jar
7f4964ef9000-7f4964eff000 r--s 00033000 08:05 1335979                    /usr/local/android-studio/gradle/gradle-2.14.1/lib/plugins/snakeyaml-1.6.jar
7f4964eff000-7f4964f01000 r--s 00006000 08:05 1336000                    /usr/local/android-studio/gradle/gradle-2.14.1/lib/plugins/jcommander-1.12.jar
7f4964f01000-7f4964f06000 r--s 00040000 08:05 1335977                    /usr/local/android-studio/gradle/gradle-2.14.1/lib/plugins/bsh-2.0b4.jar
7f4964f06000-7f4964f0f000 r--s 00089000 08:05 1336003                    /usr/local/android-studio/gradle/gradle-2.14.1/lib/plugins/testng-6.3.1.jar
7f4964f0f000-7f4964f17000 r--s 00045000 08:05 1336008                    /usr/local/android-studio/gradle/gradle-2.14.1/lib/plugins/junit-4.12.jar
7f4964f17000-7f4964f1d000 r--s 0002e000 08:05 1335984                    /usr/local/android-studio/gradle/gradle-2.14.1/lib/plugins/gradle-testing-jvm-2.14.1.jar
7f4964f1d000-7f4964f22000 r--s 00015000 08:05 1335993                    /usr/local/android-studio/gradle/gradle-2.14.1/lib/plugins/gradle-testing-base-2.14.1.jar
7f4964f22000-7f4964f23000 r--s 00002000 08:05 1336006                    /usr/local/android-studio/gradle/gradle-2.14.1/lib/plugins/sonar-batch-bootstrapper-2.9.jar
7f4964f23000-7f4964f26000 r--s 00015000 08:05 1335983                    /usr/local/android-studio/gradle/gradle-2.14.1/lib/plugins/gradle-sonar-2.14.1.jar
7f4964f26000-7f4964f2d000 r--s 00038000 08:05 1336024                    /usr/local/android-studio/gradle/gradle-2.14.1/lib/plugins/bcpg-jdk15on-1.51.jar
7f4964f2d000-7f4964f2f000 r--s 0000d000 08:05 1336030                    /usr/local/android-studio/gradle/gradle-2.14.1/lib/plugins/gradle-signing-2.14.1.jar
7f4964f2f000-7f4964f32000 r--s 00009000 08:05 1336013                    /usr/local/android-studio/gradle/gradle-2.14.1/lib/plugins/gradle-scala-2.14.1.jar
7f4964f32000-7f4964f33000 r--s 00004000 08:05 1336037                    /usr/local/android-studio/gradle/gradle-2.14.1/lib/plugins/gradle-resources-sftp-2.14.1.jar
7f4964f33000-7f4964f43000 r--s 00088000 08:05 1335990                    /usr/local/android-studio/gradle/gradle-2.14.1/lib/plugins/joda-time-2.8.2.jar
7f4964f43000-7f4964f54000 r--s 000cf000 08:05 1336056                    /usr/local/android-studio/gradle/gradle-2.14.1/lib/plugins/jackson-databind-2.3.2.jar
7f4964f54000-7f4964f56000 r--s 00007000 08:05 1336019                    /usr/local/android-studio/gradle/gradle-2.14.1/lib/plugins/jackson-annotations-2.3.2.jar
7f4964f56000-7f4964f59000 r--s 0002e000 08:05 1336026                    /usr/local/android-studio/gradle/gradle-2.14.1/lib/plugins/jackson-core-2.3.2.jar
7f4964f59000-7f4964f64000 r--s 0006b000 08:05 1336073                    /usr/local/android-studio/gradle/gradle-2.14.1/lib/plugins/aws-java-sdk-core-1.9.19.jar
7f4964f64000-7f4964f6a000 r--s 00036000 08:05 1336018                    /usr/local/android-studio/gradle/gradle-2.14.1/lib/plugins/aws-java-sdk-kms-1.9.19.jar
7f4964f6a000-7f4964f75000 r--s 00079000 08:05 1336005                    /usr/local/android-studio/gradle/gradle-2.14.1/lib/plugins/aws-java-sdk-s3-1.9.19.jar
7f4964f75000-7f4964f76000 r--s 00003000 08:05 1336052                    /usr/local/android-studio/gradle/gradle-2.14.1/lib/plugins/gradle-resources-s3-2.14.1.jar
7f4964f76000-7f4964f78000 r--s 00005000 08:05 1336047                    /usr/local/android-studio/gradle/gradle-2.14.1/lib/plugins/jatl-0.2.2.jar
7f4964f78000-7f4964f7a000 r--s 0000f000 08:05 1336064                    /usr/local/android-studio/gradle/gradle-2.14.1/lib/plugins/gradle-reporting-2.14.1.jar
7f4964f7a000-7f4964f7c000 r--s 00002000 08:05 1336023                    /usr/local/android-studio/gradle/gradle-2.14.1/lib/plugins/gradle-publish-2.14.1.jar
7f4964f7c000-7f4964f7e000 r--s 00009000 08:05 1335996                    /usr/local/android-studio/gradle/gradle-2.14.1/lib/plugins/commons-cli-1.2.jar
7f4964f7e000-7f4964f84000 r--s 00033000 08:05 1336007                    /usr/local/android-studio/gradle/gradle-2.14.1/lib/plugins/gradle-plugins-2.14.1.jar
7f4964f84000-7f4964f86000 r--s 00007000 08:05 1335971                    /usr/local/android-studio/gradle/gradle-2.14.1/lib/plugins/gradle-plugin-development-2.14.1.jar
7f4964f86000-7f4964f8c000 r--s 0002a000 08:05 1336029                    /usr/local/android-studio/gradle/gradle-2.14.1/lib/plugins/gradle-platform-play-2.14.1.jar
7f4964f8c000-7f4964f99000 r--s 0004d000 08:05 1336028                    /usr/local/android-studio/gradle/gradle-2.14.1/lib/plugins/gradle-platform-native-2.14.1.jar
7f4964f99000-7f4964f9d000 r--s 0001a000 08:05 1336050                    /usr/local/android-studio/gradle/gradle-2.14.1/lib/plugins/gradle-platform-jvm-2.14.1.jar
7f4964f9d000-7f4964fa4000 r--s 00029000 08:05 1335999                    /usr/local/android-studio/gradle/gradle-2.14.1/lib/plugins/gradle-platform-base-2.14.1.jar
7f4964fa4000-7f4964fc5000 r--s 001c3000 08:05 1335975                    /usr/local/android-studio/gradle/gradle-2.14.1/lib/plugins/bndlib-2.4.0.jar
7f4964fc5000-7f4964fc7000 r--s 00003000 08:05 1336055                    /usr/local/android-studio/gradle/gradle-2.14.1/lib/plugins/gradle-osgi-2.14.1.jar
7f4964fc7000-7f4964fca000 r--s 0000c000 08:05 1336059                    /usr/local/android-studio/gradle/gradle-2.14.1/lib/plugins/pmaven-groovy-0.8-20100325.jar
7f4964fca000-7f4964fcb000 r--s 00004000 08:05 1336045                    /usr/local/android-studio/gradle/gradle-2.14.1/lib/plugins/pmaven-common-0.8-20100325.jar
7f4964fcb000-7f4964fd1000 r--s 00022000 08:05 1335998                    /usr/local/android-studio/gradle/gradle-2.14.1/lib/plugins/gradle-maven-2.14.1.jar
7f4964fd1000-7f4964fd3000 r--s 0000a000 08:05 1335980                    /usr/local/android-studio/gradle/gradle-2.14.1/lib/plugins/gradle-language-scala-2.14.1.jar
7f4964fd3000-7f4964fd9000 r--s 0001a000 08:05 1335985                    /usr/local/android-studio/gradle/gradle-2.14.1/lib/plugins/gradle-language-native-2.14.1.jar
7f4964fd9000-7f4964fdb000 r--s 00008000 08:05 1335973                    /usr/local/android-studio/gradle/gradle-2.14.1/lib/plugins/gradle-language-jvm-2.14.1.jar
7f4964fdb000-7f4964fe1000 r--s 00024000 08:05 1336046                    /usr/local/android-studio/gradle/gradle-2.14.1/lib/plugins/gradle-language-java-2.14.1.jar
7f4964fe1000-7f4964fe3000 r--s 0000a000 08:05 1336027                    /usr/local/android-studio/gradle/gradle-2.14.1/lib/plugins/gradle-language-groovy-2.14.1.jar
7f4964fe3000-7f4964fe6000 r--s 0001e000 08:05 1335967                    /usr/local/android-studio/gradle/gradle-2.14.1/lib/plugins/jsp-api-2.1-6.1.14.jar
7f4964fe6000-7f4965009000 r--s 00344000 08:05 1336020                    /usr/local/android-studio/gradle/gradle-2.14.1/lib/plugins/core-3.1.1.jar
7f4965009000-7f496500a000 r--s 00006000 08:05 1336057                    /usr/local/android-studio/gradle/gradle-2.14.1/lib/plugins/jetty-naming-6.1.25.jar
7f496500a000-7f496500b000 r--s 00002000 08:05 1336015                    /usr/local/android-studio/gradle/gradle-2.14.1/lib/plugins/geronimo-annotation_1.0_spec-1.0.jar
7f496500b000-7f496500d000 r--s 00002000 08:05 1336053                    /usr/local/android-studio/gradle/gradle-2.14.1/lib/plugins/jetty-annotations-6.1.25.jar
7f496500d000-7f496501e000 r--s 000ea000 08:05 1336066                    /usr/local/android-studio/gradle/gradle-2.14.1/lib/plugins/jsp-2.1-6.1.14.jar
7f496501e000-7f4965020000 r--s 0000d000 08:05 1336021                    /usr/local/android-studio/gradle/gradle-2.14.1/lib/plugins/jetty-plus-6.1.25.jar
7f4965020000-7f4965022000 r--s 0001f000 08:05 1336080                    /usr/local/android-studio/gradle/gradle-2.14.1/lib/plugins/servlet-api-2.5-20081211.jar
7f4965022000-7f4965026000 r--s 00028000 08:05 1336001                    /usr/local/android-studio/gradle/gradle-2.14.1/lib/plugins/jetty-util-6.1.25.jar
7f4965026000-7f496502d000 r--s 0007d000 08:05 1336009                    /usr/local/android-studio/gradle/gradle-2.14.1/lib/plugins/jetty-6.1.25.jar
7f496502d000-7f496502f000 r--s 00009000 08:05 1336062                    /usr/local/android-studio/gradle/gradle-2.14.1/lib/plugins/gradle-jetty-2.14.1.jar
7f496502f000-7f4965036000 r--s 00035000 08:05 1336076                    /usr/local/android-studio/gradle/gradle-2.14.1/lib/plugins/simple-4.1.21.jar
7f4965036000-7f4965042000 r--s 00100000 08:05 1335991                    /usr/local/android-studio/gradle/gradle-2.14.1/lib/plugins/rhino-1.7R3.jar
7f4965042000-7f4965046000 r--s 00011000 08:05 1336044                    /usr/local/android-studio/gradle/gradle-2.14.1/lib/plugins/gradle-javascript-2.14.1.jar
7f4965046000-7f4965048000 r--s 0000c000 08:05 1336078                    /usr/local/android-studio/gradle/gradle-2.14.1/lib/plugins/gradle-jacoco-2.14.1.jar
7f4965048000-7f496504b000 r--s 0000e000 08:05 1336075                    /usr/local/android-studio/gradle/gradle-2.14.1/lib/plugins/gradle-ivy-2.14.1.jar
7f496504b000-7f496504c000 r--s 00002000 08:05 1336067                    /usr/local/android-studio/gradle/gradle-2.14.1/lib/plugins/gradle-ide-play-2.14.1.jar
7f496504c000-7f4965051000 r--s 0002b000 08:05 1336063                    /usr/local/android-studio/gradle/gradle-2.14.1/lib/plugins/gradle-ide-native-2.14.1.jar
7f4965051000-7f496505c000 r--s 00066000 08:05 1335981                    /usr/local/android-studio/gradle/gradle-2.14.1/lib/plugins/gradle-ide-2.14.1.jar
7f496505c000-7f496505d000 r--s 00008000 08:05 1335978                    /usr/local/android-studio/gradle/gradle-2.14.1/lib/plugins/gradle-ear-2.14.1.jar
7f496505d000-7f4965063000 r--s 00032000 08:05 1335989                    /usr/local/android-studio/gradle/gradle-2.14.1/lib/plugins/gradle-diagnostics-2.14.1.jar
7f4965063000-7f4965067000 r--s 00021000 08:05 1336065                    /usr/local/android-studio/gradle/gradle-2.14.1/lib/plugins/gradle-code-quality-2.14.1.jar
7f4965067000-7f496506b000 r--s 0001f000 08:05 1335988                    /usr/local/android-studio/gradle/gradle-2.14.1/lib/plugins/gradle-build-init-2.14.1.jar
7f496506b000-7f4965072000 r--s 0008e000 08:05 1336072                    /usr/local/android-studio/gradle/gradle-2.14.1/lib/plugins/gradle-build-comparison-2.14.1.jar
7f4965072000-7f4965074000 r--s 00008000 08:05 1336048                    /usr/local/android-studio/gradle/gradle-2.14.1/lib/plugins/gradle-antlr-2.14.1.jar
7f4965074000-7f4965076000 r--s 00004000 08:05 1336074                    /usr/local/android-studio/gradle/gradle-2.14.1/lib/plugins/gradle-announce-2.14.1.jar
7f4965076000-7f496508e000 r--s 00115000 08:05 1336012                    /usr/local/android-studio/gradle/gradle-2.14.1/lib/plugins/xercesImpl-2.9.1.jar
7f496508e000-7f4965096000 r--s 00028000 08:05 1336040                    /usr/local/android-studio/gradle/gradle-2.14.1/lib/plugins/xml-apis-1.3.04.jar
7f4965096000-7f496509c000 r--s 0005b000 08:05 1336031                    /usr/local/android-studio/gradle/gradle-2.14.1/lib/plugins/jcifs-1.3.17.jar
7f496509c000-7f49650a3000 r--s 00049000 08:05 1336042                    /usr/local/android-studio/gradle/gradle-2.14.1/lib/plugins/httpcore-4.4.4.jar
7f49650a3000-7f49650a9000 r--s 00033000 08:05 1335987                    /usr/local/android-studio/gradle/gradle-2.14.1/lib/plugins/commons-codec-1.6.jar
7f49650a9000-7f49650ac000 r--s 0001c000 08:05 1335982                    /usr/local/android-studio/gradle/gradle-2.14.1/lib/plugins/nekohtml-1.9.14.jar
7f49650ac000-7f49650b9000 r--s 000a4000 08:05 1336060                    /usr/local/android-studio/gradle/gradle-2.14.1/lib/plugins/httpclient-4.4.1.jar
7f49650b9000-7f49650bb000 r--s 0000a000 08:05 1335969                    /usr/local/android-studio/gradle/gradle-2.14.1/lib/plugins/gradle-resources-http-2.14.1.jar
7f49650bb000-7f49650bf000 r--s 00014000 08:05 1336034                    /usr/local/android-studio/gradle/gradle-2.14.1/lib/plugins/gradle-plugin-use-2.14.1.jar
7f49650bf000-7f49650c0000 r--s 00000000 08:05 1335925                    /usr/local/android-studio/gradle/gradle-2.14.1/lib/gradle-installation-beacon-2.14.1.jar
7f49650c0000-7f49650c1000 r--s 00007000 08:05 1335997                    /usr/local/android-studio/gradle/gradle-2.14.1/lib/plugins/wagon-http-shared4-2.4.jar
7f49650c1000-7f49650c5000 r--s 00033000 08:05 1336051                    /usr/local/android-studio/gradle/gradle-2.14.1/lib/plugins/plexus-utils-2.0.6.jar
7f49650c5000-7f49650c9000 r--s 00021000 08:05 1336033                    /usr/local/android-studio/gradle/gradle-2.14.1/lib/plugins/maven-model-builder-3.0.4.jar
7f49650c9000-7f49650ca000 r--s 00002000 08:05 1335986                    /usr/local/android-studio/gradle/gradle-2.14.1/lib/plugins/wagon-file-2.4.jar
7f49650ca000-7f49650cc000 r--s 00002000 08:05 1336043                    /usr/local/android-studio/gradle/gradle-2.14.1/lib/plugins/plexus-cipher-1.7.jar
7f49650cc000-7f49650cf000 r--s 00013000 08:05 1336079                    /usr/local/android-studio/gradle/gradle-2.14.1/lib/plugins/aether-api-1.13.1.jar
7f49650cf000-7f49650d1000 r--s 0000a000 08:05 1336002                    /usr/local/android-studio/gradle/gradle-2.14.1/lib/plugins/maven-settings-3.0.4.jar
7f49650d1000-7f49650d3000 r--s 0000d000 08:05 1336035                    /usr/local/android-studio/gradle/gradle-2.14.1/lib/plugins/plexus-interpolation-1.14.jar
7f49650d3000-7f49650d5000 r--s 0000b000 08:05 1336058                    /usr/local/android-studio/gradle/gradle-2.14.1/lib/plugins/maven-artifact-3.0.4.jar
7f49650d5000-7f49650dc000 r--s 0002e000 08:05 1335994                    /usr/local/android-studio/gradle/gradle-2.14.1/lib/plugins/plexus-container-default-1.5.5.jar
7f49650dc000-7f49650de000 r--s 0000b000 08:05 1336022                    /usr/local/android-studio/gradle/gradle-2.14.1/lib/plugins/maven-plugin-api-3.0.4.jar
7f49650de000-7f49650e0000 r--s 00000000 08:05 1336025                    /usr/local/android-studio/gradle/gradle-2.14.1/lib/plugins/plexus-component-annotations-1.5.5.jar
7f49650e0000-7f49650e6000 r--s 0003f000 08:05 1336036                    /usr/local/android-studio/gradle/gradle-2.14.1/lib/plugins/maven-compat-3.0.4.jar
7f49650e6000-7f49650e9000 r--s 00008000 08:05 1336010                    /usr/local/android-studio/gradle/gradle-2.14.1/lib/plugins/maven-settings-builder-3.0.4.jar
7f49650e9000-7f49650ea000 r--s 00002000 08:05 1335966                    /usr/local/android-studio/gradle/gradle-2.14.1/lib/plugins/wagon-http-2.4.jar
7f49650ea000-7f49650ec000 r--s 00026000 08:05 1336077                    /usr/local/android-studio/gradle/gradle-2.14.1/lib/plugins/maven-model-3.0.4.jar
7f49650ec000-7f49650ee000 r--s 00006000 08:05 1336054                    /usr/local/android-studio/gradle/gradle-2.14.1/lib/plugins/aether-connector-wagon-1.13.1.jar
7f49650ee000-7f49650f0000 r--s 0000a000 08:05 1335995                    /usr/local/android-studio/gradle/gradle-2.14.1/lib/plugins/plexus-classworlds-2.4.jar
7f49650f0000-7f49650f2000 r--s 00006000 08:05 1336038                    /usr/local/android-studio/gradle/gradle-2.14.1/lib/plugins/maven-repository-metadata-3.0.4.jar
7f49650f2000-7f49650f4000 r--s 0000c000 08:05 1336014                    /usr/local/android-studio/gradle/gradle-2.14.1/lib/plugins/maven-aether-provider-3.0.4.jar
7f49650f4000-7f49650f6000 r--s 0000b000 08:05 1336004                    /usr/local/android-studio/gradle/gradle-2.14.1/lib/plugins/wagon-provider-api-2.4.jar
7f49650f6000-7f49650fa000 r--s 0001c000 08:05 1336068                    /usr/local/android-studio/gradle/gradle-2.14.1/lib/plugins/aether-util-1.13.1.jar
7f49650fa000-7f49650fd000 r--s 0001d000 08:05 1336032                    /usr/local/android-studio/gradle/gradle-2.14.1/lib/plugins/aether-impl-1.13.1.jar
7f49650fd000-7f4965102000 r--s 00040000 08:05 1335972                    /usr/local/android-studio/gradle/gradle-2.14.1/lib/plugins/jsch-0.1.53.jar
7f4965102000-7f4965142000 r--s 00277000 08:05 1335976                    /usr/local/android-studio/gradle/gradle-2.14.1/lib/plugins/bcprov-jdk15on-1.51.jar
7f4965142000-7f4965146000 r--s 0001d000 08:05 1336017                    /usr/local/android-studio/gradle/gradle-2.14.1/lib/plugins/xbean-reflect-3.4.jar
7f4965146000-7f4965152000 r--s 0007d000 08:05 1336041                    /usr/local/android-studio/gradle/gradle-2.14.1/lib/plugins/maven-core-3.0.4.jar
7f4965152000-7f4965157000 r--s 0002a000 08:05 1336011                    /usr/local/android-studio/gradle/gradle-2.14.1/lib/plugins/gson-2.2.4.jar
7f4965157000-7f496516d000 r-xp 00000000 08:05 1047520                    /lib/x86_64-linux-gnu/libgcc_s.so.1
7f496516d000-7f496536c000 ---p 00016000 08:05 1047520                    /lib/x86_64-linux-gnu/libgcc_s.so.1
7f496536c000-7f496536d000 rw-p 00015000 08:05 1047520                    /lib/x86_64-linux-gnu/libgcc_s.so.1
7f496536d000-7f49654df000 r-xp 00000000 08:05 10211                      /usr/lib/x86_64-linux-gnu/libstdc++.so.6.0.21
7f49654df000-7f49656df000 ---p 00172000 08:05 10211                      /usr/lib/x86_64-linux-gnu/libstdc++.so.6.0.21
7f49656df000-7f49656e9000 r--p 00172000 08:05 10211                      /usr/lib/x86_64-linux-gnu/libstdc++.so.6.0.21
7f49656e9000-7f49656eb000 rw-p 0017c000 08:05 10211                      /usr/lib/x86_64-linux-gnu/libstdc++.so.6.0.21
7f49656eb000-7f49656ef000 rw-p 00000000 00:00 0 
7f49656ef000-7f49656f0000 r--s 00003000 08:05 1335970                    /usr/local/android-studio/gradle/gradle-2.14.1/lib/plugins/aether-spi-1.13.1.jar
7f49656f0000-7f49656f1000 r--s 00006000 08:05 1336039                    /usr/local/android-studio/gradle/gradle-2.14.1/lib/plugins/plexus-sec-dispatcher-1.3.jar
7f49656f1000-7f4965700000 r--s 000d9000 08:05 1335992                    /usr/local/android-studio/gradle/gradle-2.14.1/lib/plugins/ivy-2.2.0.jar
7f4965700000-7f496571c000 r--s 000d3000 08:05 1336016                    /usr/local/android-studio/gradle/gradle-2.14.1/lib/plugins/gradle-dependency-management-2.14.1.jar
7f496571c000-7f4965720000 r-xp 00000000 08:05 472172                     /home/igor/.gradle/native/19/linux-amd64/libnative-platform.so
7f4965720000-7f496591f000 ---p 00004000 08:05 472172                     /home/igor/.gradle/native/19/linux-amd64/libnative-platform.so
7f496591f000-7f4965920000 rw-p 00003000 08:05 472172                     /home/igor/.gradle/native/19/linux-amd64/libnative-platform.so
7f4965920000-7f4965931000 r-xp 00000000 08:05 1335530                    /usr/local/android-studio/jre/jre/lib/amd64/libnio.so
7f4965931000-7f4965b30000 ---p 00011000 08:05 1335530                    /usr/local/android-studio/jre/jre/lib/amd64/libnio.so
7f4965b30000-7f4965b31000 r--p 00010000 08:05 1335530                    /usr/local/android-studio/jre/jre/lib/amd64/libnio.so
7f4965b31000-7f4965b32000 rw-p 00011000 08:05 1335530                    /usr/local/android-studio/jre/jre/lib/amd64/libnio.so
7f4965b32000-7f4965e33000 rw-p 00000000 00:00 0 
7f4965e33000-7f4965e4a000 r-xp 00000000 08:05 1335528                    /usr/local/android-studio/jre/jre/lib/amd64/libnet.so
7f4965e4a000-7f4966049000 ---p 00017000 08:05 1335528                    /usr/local/android-studio/jre/jre/lib/amd64/libnet.so
7f4966049000-7f496604a000 r--p 00016000 08:05 1335528                    /usr/local/android-studio/jre/jre/lib/amd64/libnet.so
7f496604a000-7f496604b000 rw-p 00017000 08:05 1335528                    /usr/local/android-studio/jre/jre/lib/amd64/libnet.so
7f496604b000-7f4966055000 r--s 00116000 08:05 1335486                    /usr/local/android-studio/jre/jre/lib/ext/localedata.jar
7f4966055000-7f4966071000 r--s 00393000 08:05 1335494                    /usr/local/android-studio/jre/jre/lib/ext/cldrdata.jar
7f4966071000-7f4966073000 r--s 00005000 08:05 1335935                    /usr/local/android-studio/gradle/gradle-2.14.1/lib/gradle-wrapper-2.14.1.jar
7f4966073000-7f4966081000 r--s 0004f000 08:05 1335920                    /usr/local/android-studio/gradle/gradle-2.14.1/lib/gradle-tooling-api-2.14.1.jar
7f4966081000-7f4966083000 r--s 00002000 08:05 1335924                    /usr/local/android-studio/gradle/gradle-2.14.1/lib/gradle-open-api-2.14.1.jar
7f4966083000-7f4966089000 r--s 00032000 08:05 1335958                    /usr/local/android-studio/gradle/gradle-2.14.1/lib/jaxen-1.1.jar
7f4966089000-7f496608e000 r--s 00048000 08:05 1335923                    /usr/local/android-studio/gradle/gradle-2.14.1/lib/dom4j-1.6.1.jar
7f496608e000-7f4966099000 r--s 00059000 08:05 1335952                    /usr/local/android-studio/gradle/gradle-2.14.1/lib/gradle-ui-2.14.1.jar
7f4966099000-7f496609c000 r--s 0000b000 08:05 1336081                    /usr/local/android-studio/gradle/gradle-2.14.1/lib/gradle-resources-2.14.1.jar
7f496609c000-7f496609e000 r--s 00003000 08:05 1335961                    /usr/local/android-studio/gradle/gradle-2.14.1/lib/jcl-over-slf4j-1.7.10.jar
7f496609e000-7f496609f000 r--s 00005000 08:05 1335955                    /usr/local/android-studio/gradle/gradle-2.14.1/lib/log4j-over-slf4j-1.7.10.jar
7f496609f000-7f49660a1000 r--s 00000000 08:05 1336082                    /usr/local/android-studio/gradle/gradle-2.14.1/lib/jul-to-slf4j-1.7.10.jar
7f49660a1000-7f49660a6000 r--s 0001c000 08:05 1335933                    /usr/local/android-studio/gradle/gradle-2.14.1/lib/gradle-logging-2.14.1.jar
7f49660a6000-7f49660a8000 r--s 00007000 08:05 1335964                    /usr/local/android-studio/gradle/gradle-2.14.1/lib/objenesis-1.2.jar
7f49660a8000-7f49660aa000 r--s 00000000 08:05 1335928                    /usr/local/android-studio/gradle/gradle-2.14.1/lib/minlog-1.2.jar
7f49660aa000-7f49660ac000 r--s 0000f000 08:05 1335939                    /usr/local/android-studio/gradle/gradle-2.14.1/lib/reflectasm-1.07-shaded.jar
7f49660ac000-7f49660b0000 r--s 00026000 08:05 1335953                    /usr/local/android-studio/gradle/gradle-2.14.1/lib/kryo-2.20.jar
7f49660b0000-7f49660b6000 r--s 00025000 08:05 1335922                    /usr/local/android-studio/gradle/gradle-2.14.1/lib/gradle-messaging-2.14.1.jar
7f49660b6000-7f49660b7000 r--s 00003000 08:05 1335960                    /usr/local/android-studio/gradle/gradle-2.14.1/lib/native-platform-freebsd-amd64-0.10.jar
7f49660b7000-7f49660b8000 r--s 00003000 08:05 1335942                    /usr/local/android-studio/gradle/gradle-2.14.1/lib/native-platform-freebsd-i386-0.10.jar
7f49660b8000-7f49660b9000 r--s 00005000 08:05 1335930                    /usr/local/android-studio/gradle/gradle-2.14.1/lib/native-platform-windows-i386-0.10.jar
7f49660b9000-7f49660ba000 r--s 00005000 08:05 1335929                    /usr/local/android-studio/gradle/gradle-2.14.1/lib/native-platform-windows-amd64-0.10.jar
7f49660ba000-7f49660bb000 r--s 00003000 08:05 1335943                    /usr/local/android-studio/gradle/gradle-2.14.1/lib/native-platform-linux-i386-0.10.jar
7f49660bb000-7f49660bc000 r--s 00003000 08:05 1335927                    /usr/local/android-studio/gradle/gradle-2.14.1/lib/native-platform-linux-amd64-0.10.jar
7f49660bc000-7f49660bd000 r--s 00002000 08:05 1335926                    /usr/local/android-studio/gradle/gradle-2.14.1/lib/native-platform-osx-amd64-0.10.jar
7f49660bd000-7f49660bf000 r--s 00008000 08:05 1335957                    /usr/local/android-studio/gradle/gradle-2.14.1/lib/jansi-1.2.1.jar
7f49660bf000-7f49660c2000 r--s 0000d000 08:05 1335951                    /usr/local/android-studio/gradle/gradle-2.14.1/lib/native-platform-0.10.jar
7f49660c2000-7f49660c6000 r--s 000e4000 08:05 1335950                    /usr/local/android-studio/gradle/gradle-2.14.1/lib/jna-3.2.7.jar
7f49660c6000-7f49660c8000 r--s 00009000 08:05 1335962                    /usr/local/android-studio/gradle/gradle-2.14.1/lib/gradle-native-2.14.1.jar
7f49660c8000-7f49660ca000 r--s 00005000 08:05 1335963                    /usr/local/android-studio/gradle/gradle-2.14.1/lib/gradle-cli-2.14.1.jar
7f49660ca000-7f49660cc000 r--s 00007000 08:05 1335932                    /usr/local/android-studio/gradle/gradle-2.14.1/lib/gradle-model-groovy-2.14.1.jar
7f49660cc000-7f49660db000 r--s 00080000 08:05 1335948                    /usr/local/android-studio/gradle/gradle-2.14.1/lib/gradle-model-core-2.14.1.jar
7f49660db000-7f49660df000 r--s 00027000 08:05 1335954                    /usr/local/android-studio/gradle/gradle-2.14.1/lib/commons-io-2.2.jar
7f49660df000-7f496614e000 r--s 0063e000 08:05 1336085                    /usr/local/android-studio/gradle/gradle-2.14.1/lib/groovy-all-2.4.4.jar
7f496614e000-7f4966176000 r--s 001cf000 08:05 1335936                    /usr/local/android-studio/gradle/gradle-2.14.1/lib/guava-jdk5-17.0.jar
7f4966176000-7f4966195000 r--s 001d1000 08:05 1335934                    /usr/local/android-studio/gradle/gradle-2.14.1/lib/ant-1.9.6.jar
7f4966195000-7f49661cc000 r--s 001bd000 08:05 1335937                    /usr/local/android-studio/gradle/gradle-2.14.1/lib/gradle-core-2.14.1.jar
7f49661cc000-7f49661cd000 ---p 00000000 00:00 0 
7f49661cd000-7f49662cd000 rw-p 00000000 00:00 0 
7f49662cd000-7f49662d0000 ---p 00000000 00:00 0 
7f49662d0000-7f49663ce000 rw-p 00000000 00:00 0 
7f49663ce000-7f49663d1000 ---p 00000000 00:00 0 
7f49663d1000-7f49664cf000 rw-p 00000000 00:00 0 
7f49664cf000-7f49664d2000 ---p 00000000 00:00 0 
7f49664d2000-7f49665d0000 rw-p 00000000 00:00 0 
7f49665d0000-7f49665d3000 ---p 00000000 00:00 0 
7f49665d3000-7f49666d1000 rw-p 00000000 00:00 0 
7f49666d1000-7f49666d4000 ---p 00000000 00:00 0 
7f49666d4000-7f49667d2000 rw-p 00000000 00:00 0 
7f49667d2000-7f4966c21000 r--p 00000000 08:05 1238227                    /usr/lib/locale/locale-archive
7f4966c21000-7f4966c24000 ---p 00000000 00:00 0 
7f4966c24000-7f4966d22000 rw-p 00000000 00:00 0 
7f4966d22000-7f4966d25000 ---p 00000000 00:00 0 
7f4966d25000-7f4966e23000 rw-p 00000000 00:00 0 
7f4966e23000-7f4966e24000 ---p 00000000 00:00 0 
7f4966e24000-7f4967e33000 rw-p 00000000 00:00 0 
7f4967e33000-7f4968000000 r--s 03bec000 08:05 1335498                    /usr/local/android-studio/jre/jre/lib/rt.jar
7f4968000000-7f496803a000 rw-p 00000000 00:00 0 
7f496803a000-7f496c000000 ---p 00000000 00:00 0 
7f496c000000-7f496c001000 r--s 00002000 08:05 1335956                    /usr/local/android-studio/gradle/gradle-2.14.1/lib/native-platform-osx-i386-0.10.jar
7f496c001000-7f496c002000 r--s 00006000 08:05 1335947                    /usr/local/android-studio/gradle/gradle-2.14.1/lib/gradle-base-services-groovy-2.14.1.jar
7f496c002000-7f496c003000 r--s 00002000 08:05 1335940                    /usr/local/android-studio/gradle/gradle-2.14.1/lib/gradle-docs-2.14.1.jar
7f496c003000-7f496c010000 r--s 00083000 08:05 1336083                    /usr/local/android-studio/gradle/gradle-2.14.1/lib/commons-collections-3.2.2.jar
7f496c010000-7f496fbe9000 rw-p 00000000 00:00 0 
7f496fbe9000-7f496fbea000 ---p 00000000 00:00 0 
7f496fbea000-7f496fcea000 rw-p 00000000 00:00 0 
7f496fcea000-7f496fceb000 ---p 00000000 00:00 0 
7f496fceb000-7f496fdeb000 rw-p 00000000 00:00 0 
7f496fdeb000-7f496fdec000 ---p 00000000 00:00 0 
7f496fdec000-7f496ff29000 rw-p 00000000 00:00 0 
7f496ff29000-7f49700ec000 ---p 00000000 00:00 0 
7f49700ec000-7f4970129000 rw-p 00000000 00:00 0 
7f4970129000-7f49702ec000 ---p 00000000 00:00 0 
7f49702ec000-7f49703ec000 rw-p 00000000 00:00 0 
7f49703ec000-7f4970460000 rw-p 00000000 00:00 0 
7f4970460000-7f49707ad000 ---p 00000000 00:00 0 
7f49707ad000-7f497244d000 rwxp 00000000 00:00 0 
7f497244d000-7f497f7ad000 ---p 00000000 00:00 0 
7f497f7ad000-7f497f7c7000 r-xp 00000000 08:05 1335525                    /usr/local/android-studio/jre/jre/lib/amd64/libzip.so
7f497f7c7000-7f497f9c7000 ---p 0001a000 08:05 1335525                    /usr/local/android-studio/jre/jre/lib/amd64/libzip.so
7f497f9c7000-7f497f9c8000 r--p 0001a000 08:05 1335525                    /usr/local/android-studio/jre/jre/lib/amd64/libzip.so
7f497f9c8000-7f497f9c9000 rw-p 0001b000 08:05 1335525                    /usr/local/android-studio/jre/jre/lib/amd64/libzip.so
7f497f9c9000-7f497f9d4000 r-xp 00000000 08:05 1051857                    /lib/x86_64-linux-gnu/libnss_files-2.23.so
7f497f9d4000-7f497fbd3000 ---p 0000b000 08:05 1051857                    /lib/x86_64-linux-gnu/libnss_files-2.23.so
7f497fbd3000-7f497fbd4000 r--p 0000a000 08:05 1051857                    /lib/x86_64-linux-gnu/libnss_files-2.23.so
7f497fbd4000-7f497fbd5000 rw-p 0000b000 08:05 1051857                    /lib/x86_64-linux-gnu/libnss_files-2.23.so
7f497fbd5000-7f497fbdb000 rw-p 00000000 00:00 0 
7f497fbdb000-7f497fbe6000 r-xp 00000000 08:05 1051718                    /lib/x86_64-linux-gnu/libnss_nis-2.23.so
7f497fbe6000-7f497fde5000 ---p 0000b000 08:05 1051718                    /lib/x86_64-linux-gnu/libnss_nis-2.23.so
7f497fde5000-7f497fde6000 r--p 0000a000 08:05 1051718                    /lib/x86_64-linux-gnu/libnss_nis-2.23.so
7f497fde6000-7f497fde7000 rw-p 0000b000 08:05 1051718                    /lib/x86_64-linux-gnu/libnss_nis-2.23.so
7f497fde7000-7f497fdfd000 r-xp 00000000 08:05 1051716                    /lib/x86_64-linux-gnu/libnsl-2.23.so
7f497fdfd000-7f497fffc000 ---p 00016000 08:05 1051716                    /lib/x86_64-linux-gnu/libnsl-2.23.so
7f497fffc000-7f497fffd000 r--p 00015000 08:05 1051716                    /lib/x86_64-linux-gnu/libnsl-2.23.so
7f497fffd000-7f497fffe000 rw-p 00016000 08:05 1051716                    /lib/x86_64-linux-gnu/libnsl-2.23.so
7f497fffe000-7f4980000000 rw-p 00000000 00:00 0 
7f4980000000-7f4980b49000 rw-p 00000000 00:00 0 
7f4980b49000-7f4984000000 ---p 00000000 00:00 0 
7f4984000000-7f4984005000 r--s 00038000 08:05 1335944                    /usr/local/android-studio/gradle/gradle-2.14.1/lib/asm-all-5.1.jar
7f4984005000-7f498400d000 r--s 0003a000 08:05 1335945                    /usr/local/android-studio/gradle/gradle-2.14.1/lib/gradle-base-services-2.14.1.jar
7f498400d000-7f4984018000 r--s 00051000 08:05 1335941                    /usr/local/android-studio/gradle/gradle-2.14.1/lib/gradle-launcher-2.14.1.jar
7f4984018000-7f4984065000 rw-p 00000000 00:00 0 
7f4984065000-7f4984066000 ---p 00000000 00:00 0 
7f4984066000-7f4984166000 rw-p 00000000 00:00 0 
7f4984166000-7f498416e000 r-xp 00000000 08:05 1051714                    /lib/x86_64-linux-gnu/libnss_compat-2.23.so
7f498416e000-7f498436d000 ---p 00008000 08:05 1051714                    /lib/x86_64-linux-gnu/libnss_compat-2.23.so
7f498436d000-7f498436e000 r--p 00007000 08:05 1051714                    /lib/x86_64-linux-gnu/libnss_compat-2.23.so
7f498436e000-7f498436f000 rw-p 00008000 08:05 1051714                    /lib/x86_64-linux-gnu/libnss_compat-2.23.so
7f498436f000-7f498439c000 r-xp 00000000 08:05 1335535                    /usr/local/android-studio/jre/jre/lib/amd64/libjava.so
7f498439c000-7f498459b000 ---p 0002d000 08:05 1335535                    /usr/local/android-studio/jre/jre/lib/amd64/libjava.so
7f498459b000-7f498459c000 r--p 0002c000 08:05 1335535                    /usr/local/android-studio/jre/jre/lib/amd64/libjava.so
7f498459c000-7f498459e000 rw-p 0002d000 08:05 1335535                    /usr/local/android-studio/jre/jre/lib/amd64/libjava.so
7f498459e000-7f49845ae000 r-xp 00000000 08:05 1335551                    /usr/local/android-studio/jre/jre/lib/amd64/libverify.so
7f49845ae000-7f49847ad000 ---p 00010000 08:05 1335551                    /usr/local/android-studio/jre/jre/lib/amd64/libverify.so
7f49847ad000-7f49847af000 r--p 0000f000 08:05 1335551                    /usr/local/android-studio/jre/jre/lib/amd64/libverify.so
7f49847af000-7f49847b0000 rw-p 00011000 08:05 1335551                    /usr/local/android-studio/jre/jre/lib/amd64/libverify.so
7f49847b0000-7f49847b7000 r-xp 00000000 08:05 1056130                    /lib/x86_64-linux-gnu/librt-2.23.so
7f49847b7000-7f49849b6000 ---p 00007000 08:05 1056130                    /lib/x86_64-linux-gnu/librt-2.23.so
7f49849b6000-7f49849b7000 r--p 00006000 08:05 1056130                    /lib/x86_64-linux-gnu/librt-2.23.so
7f49849b7000-7f49849b8000 rw-p 00007000 08:05 1056130                    /lib/x86_64-linux-gnu/librt-2.23.so
7f49849b8000-7f4984ac0000 r-xp 00000000 08:05 1056124                    /lib/x86_64-linux-gnu/libm-2.23.so
7f4984ac0000-7f4984cbf000 ---p 00108000 08:05 1056124                    /lib/x86_64-linux-gnu/libm-2.23.so
7f4984cbf000-7f4984cc0000 r--p 00107000 08:05 1056124                    /lib/x86_64-linux-gnu/libm-2.23.so
7f4984cc0000-7f4984cc1000 rw-p 00108000 08:05 1056124                    /lib/x86_64-linux-gnu/libm-2.23.so
7f4984cc1000-7f49858a7000 r-xp 00000000 08:05 1335555                    /usr/local/android-studio/jre/jre/lib/amd64/server/libjvm.so
7f49858a7000-7f4985aa7000 ---p 00be6000 08:05 1335555                    /usr/local/android-studio/jre/jre/lib/amd64/server/libjvm.so
7f4985aa7000-7f4985b46000 r--p 00be6000 08:05 1335555                    /usr/local/android-studio/jre/jre/lib/amd64/server/libjvm.so
7f4985b46000-7f4985b6f000 rw-p 00c85000 08:05 1335555                    /usr/local/android-studio/jre/jre/lib/amd64/server/libjvm.so
7f4985b6f000-7f4985bb1000 rw-p 00000000 00:00 0 
7f4985bb1000-7f4985bc9000 r-xp 00000000 08:05 1056138                    /lib/x86_64-linux-gnu/libpthread-2.23.so
7f4985bc9000-7f4985dc8000 ---p 00018000 08:05 1056138                    /lib/x86_64-linux-gnu/libpthread-2.23.so
7f4985dc8000-7f4985dc9000 r--p 00017000 08:05 1056138                    /lib/x86_64-linux-gnu/libpthread-2.23.so
7f4985dc9000-7f4985dca000 rw-p 00018000 08:05 1056138                    /lib/x86_64-linux-gnu/libpthread-2.23.so
7f4985dca000-7f4985dce000 rw-p 00000000 00:00 0 
7f4985dce000-7f4985dd1000 r-xp 00000000 08:05 1062229                    /lib/x86_64-linux-gnu/libdl-2.23.so
7f4985dd1000-7f4985fd0000 ---p 00003000 08:05 1062229                    /lib/x86_64-linux-gnu/libdl-2.23.so
7f4985fd0000-7f4985fd1000 r--p 00002000 08:05 1062229                    /lib/x86_64-linux-gnu/libdl-2.23.so
7f4985fd1000-7f4985fd2000 rw-p 00003000 08:05 1062229                    /lib/x86_64-linux-gnu/libdl-2.23.so
7f4985fd2000-7f4986192000 r-xp 00000000 08:05 1056140                    /lib/x86_64-linux-gnu/libc-2.23.so
7f4986192000-7f4986391000 ---p 001c0000 08:05 1056140                    /lib/x86_64-linux-gnu/libc-2.23.so
7f4986391000-7f4986395000 r--p 001bf000 08:05 1056140                    /lib/x86_64-linux-gnu/libc-2.23.so
7f4986395000-7f4986397000 rw-p 001c3000 08:05 1056140                    /lib/x86_64-linux-gnu/libc-2.23.so
7f4986397000-7f498639b000 rw-p 00000000 00:00 0 
7f498639b000-7f49863b1000 r-xp 00000000 08:05 1335415                    /usr/local/android-studio/jre/lib/amd64/jli/libjli.so
7f49863b1000-7f49865b0000 ---p 00016000 08:05 1335415                    /usr/local/android-studio/jre/lib/amd64/jli/libjli.so
7f49865b0000-7f49865b1000 r--p 00015000 08:05 1335415                    /usr/local/android-studio/jre/lib/amd64/jli/libjli.so
7f49865b1000-7f49865b2000 rw-p 00016000 08:05 1335415                    /usr/local/android-studio/jre/lib/amd64/jli/libjli.so
7f49865b2000-7f49865d8000 r-xp 00000000 08:05 1056132                    /lib/x86_64-linux-gnu/ld-2.23.so
7f49865d8000-7f49865d9000 r--s 00000000 08:05 1336084                    /usr/local/android-studio/gradle/gradle-2.14.1/lib/javax.inject-1.jar
7f49865d9000-7f49865de000 r--s 00041000 08:05 1335946                    /usr/local/android-studio/gradle/gradle-2.14.1/lib/commons-lang-2.6.jar
7f49865de000-7f49866a3000 rw-p 00000000 00:00 0 
7f49866a3000-7f49866a6000 ---p 00000000 00:00 0 
7f49866a6000-7f49867a8000 rw-p 00000000 00:00 0 
7f49867a8000-7f49867a9000 r--s 00000000 08:05 1335938                    /usr/local/android-studio/gradle/gradle-2.14.1/lib/jcip-annotations-1.0.jar
7f49867a9000-7f49867aa000 r--s 00001000 08:05 1335959                    /usr/local/android-studio/gradle/gradle-2.14.1/lib/gradle-process-services-2.14.1.jar
7f49867aa000-7f49867ab000 r--s 00000000 08:05 1335921                    /usr/local/android-studio/gradle/gradle-2.14.1/lib/gradle-jvm-services-2.14.1.jar
7f49867ab000-7f49867ac000 r--s 00007000 08:05 1335931                    /usr/local/android-studio/gradle/gradle-2.14.1/lib/slf4j-api-1.7.10.jar
7f49867ac000-7f49867ad000 r--s 00004000 08:05 1335949                    /usr/local/android-studio/gradle/gradle-2.14.1/lib/ant-launcher-1.9.6.jar
7f49867ad000-7f49867cb000 rw-p 00000000 00:00 0 
7f49867cb000-7f49867d3000 rw-s 00000000 08:05 916683                     /tmp/hsperfdata_igor/13472
7f49867d3000-7f49867d4000 rw-p 00000000 00:00 0 
7f49867d4000-7f49867d5000 ---p 00000000 00:00 0 
7f49867d5000-7f49867d7000 rw-p 00000000 00:00 0 
7f49867d7000-7f49867d8000 r--p 00025000 08:05 1056132                    /lib/x86_64-linux-gnu/ld-2.23.so
7f49867d8000-7f49867d9000 rw-p 00026000 08:05 1056132                    /lib/x86_64-linux-gnu/ld-2.23.so
7f49867d9000-7f49867da000 rw-p 00000000 00:00 0 
7ffcb428b000-7ffcb42ac000 rw-p 00000000 00:00 0                          [stack]
7ffcb42f8000-7ffcb42fa000 r--p 00000000 00:00 0                          [vvar]
7ffcb42fa000-7ffcb42fc000 r-xp 00000000 00:00 0                          [vdso]
ffffffffff600000-ffffffffff601000 r-xp 00000000 00:00 0                  [vsyscall]

VM Arguments:
jvm_args: -Xmx1536m -Dfile.encoding=UTF-8 -Duser.country=UA -Duser.language=uk -Duser.variant 
java_command: org.gradle.launcher.daemon.bootstrap.GradleDaemon 2.14.1
java_class_path (initial): /usr/local/android-studio/gradle/gradle-2.14.1/lib/gradle-launcher-2.14.1.jar
Launcher Type: SUN_STANDARD

Environment Variables:
PATH=/usr/local/sbin:/usr/local/bin:/usr/sbin:/usr/bin:/sbin:/bin:/usr/games:/usr/local/games:/var/www/sites/framework
USERNAME=igor
LD_LIBRARY_PATH=/usr/local/android-studio/bin:
SHELL=/bin/bash
DISPLAY=:20

Signal Handlers:
SIGSEGV: [libjvm.so+0x9daac0], sa_mask[0]=11111111011111111101111111111110, sa_flags=SA_RESTART|SA_SIGINFO
SIGBUS: [libjvm.so+0x9daac0], sa_mask[0]=11111111011111111101111111111110, sa_flags=SA_RESTART|SA_SIGINFO
SIGFPE: [libjvm.so+0x840d90], sa_mask[0]=11111111011111111101111111111110, sa_flags=SA_RESTART|SA_SIGINFO
SIGPIPE: [libjvm.so+0x840d90], sa_mask[0]=11111111011111111101111111111110, sa_flags=SA_RESTART|SA_SIGINFO
SIGXFSZ: [libjvm.so+0x840d90], sa_mask[0]=11111111011111111101111111111110, sa_flags=SA_RESTART|SA_SIGINFO
SIGILL: [libjvm.so+0x840d90], sa_mask[0]=11111111011111111101111111111110, sa_flags=SA_RESTART|SA_SIGINFO
SIGUSR1: SIG_DFL, sa_mask[0]=00000000000000000000000000000000, sa_flags=none
SIGUSR2: [libjvm.so+0x840c60], sa_mask[0]=00100000000000000000000000000000, sa_flags=SA_RESTART|SA_SIGINFO
SIGHUP: [libjvm.so+0x840e50], sa_mask[0]=11111111011111111101111111111110, sa_flags=SA_RESTART|SA_SIGINFO
SIGINT: SIG_IGN, sa_mask[0]=00000000000000000000000000000000, sa_flags=none
SIGTERM: [libjvm.so+0x840e50], sa_mask[0]=11111111011111111101111111111110, sa_flags=SA_RESTART|SA_SIGINFO
SIGQUIT: [libjvm.so+0x840e50], sa_mask[0]=11111111011111111101111111111110, sa_flags=SA_RESTART|SA_SIGINFO


---------------  S Y S T E M  ---------------

OS:DISTRIB_ID=LinuxMint
DISTRIB_RELEASE=18
DISTRIB_CODENAME=sarah
DISTRIB_DESCRIPTION="Linux Mint 18 Sarah"

uname:Linux 4.4.0-21-generic #37-Ubuntu SMP Mon Apr 18 18:33:37 UTC 2016 x86_64
libc:glibc 2.23 NPTL 2.23 
rlimit: STACK 8192k, CORE 0k, NPROC 31527, NOFILE 65536, AS infinity
load average:60.24 49.05 27.14

/proc/meminfo:
MemTotal:        8113024 kB
MemFree:           56324 kB
MemAvailable:     115872 kB
Buffers:             596 kB
Cached:           502108 kB
SwapCached:            0 kB
Active:          7250724 kB
Inactive:         469188 kB
Active(anon):    7220552 kB
Inactive(anon):   448996 kB
Active(file):      30172 kB
Inactive(file):    20192 kB
Unevictable:        1568 kB
Mlocked:            1568 kB
SwapTotal:             0 kB
SwapFree:              0 kB
Dirty:                68 kB
Writeback:             0 kB
AnonPages:       7219860 kB
Mapped:           487164 kB
Shmem:            451344 kB
Slab:             113308 kB
SReclaimable:      51592 kB
SUnreclaim:        61716 kB
KernelStack:       20112 kB
PageTables:       102908 kB
NFS_Unstable:          0 kB
Bounce:                0 kB
WritebackTmp:          0 kB
CommitLimit:     4056512 kB
Committed_AS:   19225700 kB
VmallocTotal:   34359738367 kB
VmallocUsed:           0 kB
VmallocChunk:          0 kB
HardwareCorrupted:     0 kB
AnonHugePages:   1748992 kB
CmaTotal:              0 kB
CmaFree:               0 kB
HugePages_Total:       0
HugePages_Free:        0
HugePages_Rsvd:        0
HugePages_Surp:        0
Hugepagesize:       2048 kB
DirectMap4k:      263368 kB
DirectMap2M:     8062976 kB
DirectMap1G:     1048576 kB


CPU:total 4 (2 cores per cpu, 2 threads per core) family 6 model 60 stepping 3, cmov, cx8, fxsr, mmx, sse, sse2, sse3, ssse3, sse4.1, sse4.2, popcnt, avx, avx2, aes, clmul, erms, lzcnt, ht, tsc, tscinvbit, bmi1, bmi2

/proc/cpuinfo:
processor	: 0
vendor_id	: GenuineIntel
cpu family	: 6
model		: 60
model name	: Intel(R) Core(TM) i3-4330 CPU @ 3.50GHz
stepping	: 3
microcode	: 0x19
cpu MHz		: 3499.863
cache size	: 4096 KB
physical id	: 0
siblings	: 4
core id		: 0
cpu cores	: 2
apicid		: 0
initial apicid	: 0
fpu		: yes
fpu_exception	: yes
cpuid level	: 13
wp		: yes
flags		: fpu vme de pse tsc msr pae mce cx8 apic sep mtrr pge mca cmov pat pse36 clflush dts acpi mmx fxsr sse sse2 ss ht tm pbe syscall nx pdpe1gb rdtscp lm constant_tsc arch_perfmon pebs bts rep_good nopl xtopology nonstop_tsc aperfmperf eagerfpu pni pclmulqdq dtes64 monitor ds_cpl vmx est tm2 ssse3 sdbg fma cx16 xtpr pdcm pcid sse4_1 sse4_2 movbe popcnt tsc_deadline_timer aes xsave avx f16c rdrand lahf_lm abm epb tpr_shadow vnmi flexpriority ept vpid fsgsbase tsc_adjust bmi1 avx2 smep bmi2 erms invpcid xsaveopt dtherm arat pln pts
bugs		:
bogomips	: 6999.64
clflush size	: 64
cache_alignment	: 64
address sizes	: 39 bits physical, 48 bits virtual
power management:

processor	: 1
vendor_id	: GenuineIntel
cpu family	: 6
model		: 60
model name	: Intel(R) Core(TM) i3-4330 CPU @ 3.50GHz
stepping	: 3
microcode	: 0x19
cpu MHz		: 3500.000
cache size	: 4096 KB
physical id	: 0
siblings	: 4
core id		: 1
cpu cores	: 2
apicid		: 2
initial apicid	: 2
fpu		: yes
fpu_exception	: yes
cpuid level	: 13
wp		: yes
flags		: fpu vme de pse tsc msr pae mce cx8 apic sep mtrr pge mca cmov pat pse36 clflush dts acpi mmx fxsr sse sse2 ss ht tm pbe syscall nx pdpe1gb rdtscp lm constant_tsc arch_perfmon pebs bts rep_good nopl xtopology nonstop_tsc aperfmperf eagerfpu pni pclmulqdq dtes64 monitor ds_cpl vmx est tm2 ssse3 sdbg fma cx16 xtpr pdcm pcid sse4_1 sse4_2 movbe popcnt tsc_deadline_timer aes xsave avx f16c rdrand lahf_lm abm epb tpr_shadow vnmi flexpriority ept vpid fsgsbase tsc_adjust bmi1 avx2 smep bmi2 erms invpcid xsaveopt dtherm arat pln pts
bugs		:
bogomips	: 6999.64
clflush size	: 64
cache_alignment	: 64
address sizes	: 39 bits physical, 48 bits virtual
power management:

processor	: 2
vendor_id	: GenuineIntel
cpu family	: 6
model		: 60
model name	: Intel(R) Core(TM) i3-4330 CPU @ 3.50GHz
stepping	: 3
microcode	: 0x19
cpu MHz		: 3500.000
cache size	: 4096 KB
physical id	: 0
siblings	: 4
core id		: 0
cpu cores	: 2
apicid		: 1
initial apicid	: 1
fpu		: yes
fpu_exception	: yes
cpuid level	: 13
wp		: yes
flags		: fpu vme de pse tsc msr pae mce cx8 apic sep mtrr pge mca cmov pat pse36 clflush dts acpi mmx fxsr sse sse2 ss ht tm pbe syscall nx pdpe1gb rdtscp lm constant_tsc arch_perfmon pebs bts rep_good nopl xtopology nonstop_tsc aperfmperf eagerfpu pni pclmulqdq dtes64 monitor ds_cpl vmx est tm2 ssse3 sdbg fma cx16 xtpr pdcm pcid sse4_1 sse4_2 movbe popcnt tsc_deadline_timer aes xsave avx f16c rdrand lahf_lm abm epb tpr_shadow vnmi flexpriority ept vpid fsgsbase tsc_adjust bmi1 avx2 smep bmi2 erms invpcid xsaveopt dtherm arat pln pts
bugs		:
bogomips	: 6999.64
clflush size	: 64
cache_alignment	: 64
address sizes	: 39 bits physical, 48 bits virtual
power management:

processor	: 3
vendor_id	: GenuineIntel
cpu family	: 6
model		: 60
model name	: Intel(R) Core(TM) i3-4330 CPU @ 3.50GHz
stepping	: 3
microcode	: 0x19
cpu MHz		: 3500.000
cache size	: 4096 KB
physical id	: 0
siblings	: 4
core id		: 1
cpu cores	: 2
apicid		: 3
initial apicid	: 3
fpu		: yes
fpu_exception	: yes
cpuid level	: 13
wp		: yes
flags		: fpu vme de pse tsc msr pae mce cx8 apic sep mtrr pge mca cmov pat pse36 clflush dts acpi mmx fxsr sse sse2 ss ht tm pbe syscall nx pdpe1gb rdtscp lm constant_tsc arch_perfmon pebs bts rep_good nopl xtopology nonstop_tsc aperfmperf eagerfpu pni pclmulqdq dtes64 monitor ds_cpl vmx est tm2 ssse3 sdbg fma cx16 xtpr pdcm pcid sse4_1 sse4_2 movbe popcnt tsc_deadline_timer aes xsave avx f16c rdrand lahf_lm abm epb tpr_shadow vnmi flexpriority ept vpid fsgsbase tsc_adjust bmi1 avx2 smep bmi2 erms invpcid xsaveopt dtherm arat pln pts
bugs		:
bogomips	: 6999.64
clflush size	: 64
cache_alignment	: 64
address sizes	: 39 bits physical, 48 bits virtual
power management:



Memory: 4k page, physical 8113024k(56076k free), swap 0k(0k free)

vm_info: OpenJDK 64-Bit Server VM (25.76-b03) for linux-amd64 JRE (1.8.0_76-release-b03), built on Jun 29 2016 09:39:19 by "builder" with gcc 4.8.4

time: Wed Oct 26 19:10:47 2016
elapsed time: 801 seconds (0d 0h 13m 21s)

